<?xml version="1.0" encoding="UTF-8"?>
<testsuite xmlns:xsi="http://www.w3.org/2001/XMLSchema-instance" xsi:noNamespaceSchemaLocation="https://maven.apache.org/surefire/maven-surefire-plugin/xsd/surefire-test-report-3.0.xsd" version="3.0" name="testrunner.TestRunner" time="1,465.289" tests="139" errors="118" skipped="0" failures="0">
  <properties>
[...]
</properties>
  <testcase name="Validating the url" classname="Login Page" time="7.923">
    <system-out><![CDATA[
@login
Scenario: Validating the url          # src/test/resources/features/Feature1loginfeature/Login.feature:4
Browser name :chrome
https://lms-frontend-phase2.herokuapp.com/login
  Given User is on the browser        # stepdefinitions.LoginSteps.user_is_on_the_browser()
  When User opens the LMS website     # stepdefinitions.LoginSteps.user_opens_the_lms_website()
Login Urlhttps://lms-frontend-phase2.herokuapp.com/login
  Then User should see the Login Page # stepdefinitions.LoginSteps.user_should_see_the_login_page()
]]></system-out>
    <system-err><![CDATA[Starting ChromeDriver 105.0.5195.52 (412c95e518836d8a7d97250d62b29c2ae6a26a85-refs/branch-heads/5195@{#853}) on port 31461
Only local connections are allowed.
Please see https://chromedriver.chromium.org/security-considerations for suggestions on keeping ChromeDriver safe.
ChromeDriver was started successfully.
Sep 27, 2022 9:06:35 AM org.openqa.selenium.remote.ProtocolHandshake createSession
INFO: Detected dialect: W3C
]]></system-err>
  </testcase>
  <testcase name="Validating Login functionality with invalid password field" classname="Login Page" time="0.633">
    <system-out><![CDATA[
@login
Scenario: Validating Login functionality with invalid password field                    # src/test/resources/features/Feature1loginfeature/Login.feature:9
  Given User is on the Login Page                                                       # stepdefinitions.LoginSteps.user_is_on_the_login_page()
Password is test
  When User clicks the Login Button after entering invalid password 'test'              # stepdefinitions.LoginSteps.user_clicks_the_login_button_after_entering_invalid_password(java.lang.String)
Actual message is : Invalid username and password Please try again
  Then User should receive the message 'Invalid username and password Please try again' # stepdefinitions.LoginSteps.user_should_receive_the_message_invalid_username_and_password_please_try_again(java.lang.String)
]]></system-out>
  </testcase>
  <testcase name="Validating Login functionality with invalid username field" classname="Login Page" time="0.508">
    <system-out><![CDATA[
@login
Scenario: Validating Login functionality with invalid username field                    # src/test/resources/features/Feature1loginfeature/Login.feature:14
  Given User is on the Login Page                                                       # stepdefinitions.LoginSteps.user_is_on_the_login_page()
Invalid username :testing
  When User clicks the Login Button after entering invalid username 'testing'           # stepdefinitions.LoginSteps.user_clicks_the_login_button_after_entering_invalid_username(java.lang.String)
Actual message is : Invalid username and password Please try again
  Then User should receive the message 'Invalid username and password Please try again' # stepdefinitions.LoginSteps.user_should_receive_the_message_invalid_username_and_password_please_try_again(java.lang.String)
]]></system-out>
  </testcase>
  <testcase name="Validating Login functionality with valid username and password" classname="Login Page" time="0.399">
    <system-out><![CDATA[
@login
Scenario: Validating Login functionality with valid username and password # src/test/resources/features/Feature1loginfeature/Login.feature:19
  Given User is on the Login Page                                         # stepdefinitions.LoginSteps.user_is_on_the_login_page()
Valid UsernameLSM
Valid UsernameLMS
  When User clicks the Login Button after entering valid 'LSM' and 'LMS'  # stepdefinitions.LoginSteps.user_clicks_the_login_button_after_entering_valid_username_and_password(java.lang.String,java.lang.String)
  Then User should see the LMS HomePage                                   # stepdefinitions.LoginSteps.user_should_see_the_lms_home_page()
]]></system-out>
  </testcase>
  <testcase name="Verify Visibility of ProgramButton in HomePage" classname="Feature to Validate MenuBarButtons of LMS UI HomePage" time="0.078">
    <system-out><![CDATA[
@home_btn @verify_btn_program
Scenario: Verify Visibility of ProgramButton in HomePage               # src/test/resources/features/Feature2homefeatures/home_buttons.feature:11
  Given User opens browser                                             # stepdefinitions.Home_Title_Steps.user_opens_browser()
  When User landed on the Home page after logging into the LMS website # stepdefinitions.Home_Title_Steps.user_landed_on_the_home_page_after_logging_into_the_lms_website()
Expected Text:Program
Actual text:Program
ProgramButton is present
  Then User should see a button with text "Program" on the menu bar    # stepdefinitions.Home_Buttons_Steps.user_should_see_a_button_with_text_on_the_menu_bar(java.lang.String)
]]></system-out>
  </testcase>
  <testcase name="Verify Visibility of BatchButton in HomePage" classname="Feature to Validate MenuBarButtons of LMS UI HomePage" time="0.065">
    <system-out><![CDATA[
@home_btn @verify_btn_batch
Scenario: Verify Visibility of BatchButton in HomePage                 # src/test/resources/features/Feature2homefeatures/home_buttons.feature:15
  Given User opens browser                                             # stepdefinitions.Home_Title_Steps.user_opens_browser()
  When User landed on the Home page after logging into the LMS website # stepdefinitions.Home_Title_Steps.user_landed_on_the_home_page_after_logging_into_the_lms_website()
Expected Text:Batch
Actual text:Batch
BatchButton is present
  Then User should see a button with text "Batch" on the menu bar      # stepdefinitions.Home_Buttons_Steps.user_should_see_a_button_with_text_on_the_menu_bar(java.lang.String)
]]></system-out>
  </testcase>
  <testcase name="Verify Visibility of UserButton in HomePage" classname="Feature to Validate MenuBarButtons of LMS UI HomePage" time="0.067">
    <system-out><![CDATA[
@home_btn @verify_btn_user
Scenario: Verify Visibility of UserButton in HomePage                  # src/test/resources/features/Feature2homefeatures/home_buttons.feature:19
  Given User opens browser                                             # stepdefinitions.Home_Title_Steps.user_opens_browser()
  When User landed on the Home page after logging into the LMS website # stepdefinitions.Home_Title_Steps.user_landed_on_the_home_page_after_logging_into_the_lms_website()
Expected Text:User
Actual text:User
UserButton is present
  Then User should see a button with text "User" on the menu bar       # stepdefinitions.Home_Buttons_Steps.user_should_see_a_button_with_text_on_the_menu_bar(java.lang.String)
]]></system-out>
  </testcase>
  <testcase name="Verify Visibility of AssignmentButton in HomePage" classname="Feature to Validate MenuBarButtons of LMS UI HomePage" time="0.064">
    <system-out><![CDATA[
@home_btn @verify_btn_assignment
Scenario: Verify Visibility of AssignmentButton in HomePage            # src/test/resources/features/Feature2homefeatures/home_buttons.feature:23
  Given User opens browser                                             # stepdefinitions.Home_Title_Steps.user_opens_browser()
  When User landed on the Home page after logging into the LMS website # stepdefinitions.Home_Title_Steps.user_landed_on_the_home_page_after_logging_into_the_lms_website()
Expected Text:Assignment
Actual text:Assignment
AssignmentButton is present
  Then User should see a button with text "Assignment" on the menu bar # stepdefinitions.Home_Buttons_Steps.user_should_see_a_button_with_text_on_the_menu_bar(java.lang.String)
]]></system-out>
  </testcase>
  <testcase name="Verify Visibility of AttendanceButton in HomePage" classname="Feature to Validate MenuBarButtons of LMS UI HomePage" time="0.073">
    <system-out><![CDATA[
@home_btn @verify_btn_attendance
Scenario: Verify Visibility of AttendanceButton in HomePage            # src/test/resources/features/Feature2homefeatures/home_buttons.feature:27
  Given User opens browser                                             # stepdefinitions.Home_Title_Steps.user_opens_browser()
  When User landed on the Home page after logging into the LMS website # stepdefinitions.Home_Title_Steps.user_landed_on_the_home_page_after_logging_into_the_lms_website()
Expected Text:Attendance
Actual text:Attendance
AttendanceButton is present
  Then User should see a button with text "Attendance" on the menu bar # stepdefinitions.Home_Buttons_Steps.user_should_see_a_button_with_text_on_the_menu_bar(java.lang.String)
]]></system-out>
  </testcase>
  <testcase name="Verify Visibility of LogoutButton in HomePage" classname="Feature to Validate MenuBarButtons of LMS UI HomePage" time="0.057">
    <system-out><![CDATA[
@home_btn @verify_btn_logout
Scenario: Verify Visibility of LogoutButton in HomePage                # src/test/resources/features/Feature2homefeatures/home_buttons.feature:31
  Given User opens browser                                             # stepdefinitions.Home_Title_Steps.user_opens_browser()
  When User landed on the Home page after logging into the LMS website # stepdefinitions.Home_Title_Steps.user_landed_on_the_home_page_after_logging_into_the_lms_website()
Expected Text:Logout
Actual text:Logout
LogoutButton is present
  Then User should see a button with text "Logout" on the menu bar     # stepdefinitions.Home_Buttons_Steps.user_should_see_a_button_with_text_on_the_menu_bar(java.lang.String)
]]></system-out>
  </testcase>
  <testcase name="Verify  the heading of the Home page" classname="Feature to Validate Heading of LMS UI HomePage" time="0.065">
    <system-out><![CDATA[
@home_heading @verify_homepage_heading
Scenario: Verify  the heading of the Home page                                               # src/test/resources/features/Feature2homefeatures/home_heading.feature:6
  Given User opens browser                                                                   # stepdefinitions.Home_Title_Steps.user_opens_browser()
  When User landed on the Home page after logging into the LMS website                       # stepdefinitions.Home_Title_Steps.user_landed_on_the_home_page_after_logging_into_the_lms_website()
Expected Heading is LMS - Learning Management System
Actual Heading is LMS - Learning Management System
  Then User should see heading with text "LMS - Learning Management System" on the Home page # stepdefinitions.Home_Heading_Steps.user_should_see_heading_with_text_on_the_home_page(java.lang.String)
]]></system-out>
  </testcase>
  <testcase name="Verify  the title of the Home page" classname="Feature to Validate Title of LMS UI HomePage" time="0.04">
    <system-out><![CDATA[
@home_title @verify_homepage_title
Scenario: Verify  the title of the Home page                           # src/test/resources/features/Feature2homefeatures/home_title.feature:6
  Given User opens browser                                             # stepdefinitions.Home_Title_Steps.user_opens_browser()
  When User landed on the Home page after logging into the LMS website # stepdefinitions.Home_Title_Steps.user_landed_on_the_home_page_after_logging_into_the_lms_website()
Actual Title:LMS
  Then verify that title of the page is "LMS"                          # stepdefinitions.Home_Title_Steps.verify_that_title_of_the_page_is(java.lang.String)
]]></system-out>
  </testcase>
  <testcase name="Verify  the heading of the Program page" classname="Feature to Validate Heading of LMS UI Program Page" time="0.162">
    <system-out><![CDATA[
@pgm_heading @verify_pgmpage_heading
Scenario: Verify  the heading of the Program page                               # src/test/resources/features/Feature3programfeatures/step1_program_heading.feature:6
  Given User is logged into LMS website                                         # stepdefinitions.Program_Heading_Steps.user_is_logged_into_lms_website()
Inside Program page
  When User is on Program page                                                  # stepdefinitions.Program_Heading_Steps.user_is_on_program_page()
Expected Heading :Manage Program
Actual Heading :Manage Program
  Then User should see a heading with text "Manage Program" on the Program page # stepdefinitions.Program_Heading_Steps.user_should_see_a_heading_with_text_on_the_program_page(java.lang.String)
]]></system-out>
  </testcase>
  <testcase name="Validate the text below the table" classname="Feature to Validate Footer of LMS UI Program Page" time="0.129">
    <system-out><![CDATA[
@pgm_footer @verify_pgmpage_footertxt
Scenario: Validate the text below the table                                                            # src/test/resources/features/Feature3programfeatures/step2_program_footer.feature:9
  Given User is logged on to LMS website                                                               # stepdefinitions.Assignment_headingSteps.user_is_logged_on_to_lms_website()
Inside Program page
  When User is on Program page                                                                         # stepdefinitions.Program_Heading_Steps.user_is_on_program_page()
Actual Footer text: Showing 0 to 0 of 0 entries
  Then User should see the text as "Showing {x} to {y} of {z} entries" below the table in ProgramPage. # stepdefinitions.Program_Footer_Steps.user_should_see_the_text_as_below_the_table_in_program_page(java.lang.String)
]]></system-out>
  </testcase>
  <testcase name="Validate the footer" classname="Feature to Validate Footer of LMS UI Program Page" time="0.824">
    <system-out><![CDATA[
@pgm_footer @verify_pgmpage_footer
Scenario: Validate the footer                                                           # src/test/resources/features/Feature3programfeatures/step2_program_footer.feature:13
  Given User is logged on to LMS website                                                # stepdefinitions.Assignment_headingSteps.user_is_logged_on_to_lms_website()
Inside Program page
  When User is on Program page                                                          # stepdefinitions.Program_Heading_Steps.user_is_on_program_page()
Expected Footer: In total there are 20 programs.
Actual Footer: In total there are 20 programs.
  Then User should see the footer as "In total there are {z}  programs" in ProgramPage. # stepdefinitions.Program_Footer_Steps.user_should_see_the_footer_as_in_program_page(java.lang.String)
]]></system-out>
  </testcase>
  <testcase name="Validating the default state of Delete button" classname="Feature to Validate state of DeleteButton of LMS UI Program Page" time="0.138">
    <system-out><![CDATA[
@pgm_deletebtn @verify_pgmpage_deletebtn
Scenario: Validating the default state of Delete button                                       # src/test/resources/features/Feature3programfeatures/step3_program_deletebtn.feature:6
  Given User is logged on to LMS website                                                      # stepdefinitions.Assignment_headingSteps.user_is_logged_on_to_lms_website()
Inside Program page
  When User is on Program page                                                                # stepdefinitions.Program_Heading_Steps.user_is_on_program_page()
Button is Disabled:true
Delete button is diasbled
  Then User should see the Delete button on the top left hand side as Disabled in ProgramPage # stepdefinitions.Program_DeleteBtn_Steps.user_should_see_the_delete_button_on_the_top_left_hand_side_as_disabled_in_programpage()
]]></system-out>
  </testcase>
  <testcase name="Validate that number of records displayed" classname="Feature to Validate No.of.Records in LMS UI Program Page" time="0.145">
    <system-out><![CDATA[
@pgm_records @verify_pgmpage_records
Scenario: Validate that number of records displayed                # src/test/resources/features/Feature3programfeatures/step4_program_noofrecords.feature:6
  Given User is logged on to LMS website                           # stepdefinitions.Assignment_headingSteps.user_is_logged_on_to_lms_website()
Inside Program page
  When User is on Program page                                     # stepdefinitions.Program_Heading_Steps.user_is_on_program_page()
Records are displayed
  Then Verify that number of records  displayed on the programpage # stepdefinitions.Program_NoofRecords_Steps.verify_that_number_of_records_displayed_on_the_programpage()
]]></system-out>
  </testcase>
  <testcase name="Validate Search Feature" classname="Feature to Validate SearchProgram of LMS UI Program Page" time="0.13">
    <system-out><![CDATA[
@pgm_search @verify_search
Scenario: Validate Search Feature                                      # src/test/resources/features/Feature3programfeatures/step5_program_searchpgm.feature:6
  Given User is logged on to LMS website                               # stepdefinitions.Assignment_headingSteps.user_is_logged_on_to_lms_website()
Inside Program page
  When User is on Program page                                         # stepdefinitions.Program_Heading_Steps.user_is_on_program_page()
Expected text in the search box: Search...
Actual text in the search box: Search...
  Then Text box used for search has text as 'Search...' in ProgramPage # stepdefinitions.Program_Search_Steps.text_box_used_for_search_has_text_as_in_program_page(java.lang.String)
]]></system-out>
  </testcase>
  <testcase name="Search Program By Name" classname="Feature to Validate SearchProgram of LMS UI Program Page" time="2.443">
    <system-out><![CDATA[
@pgm_search @search_byname
Scenario: Search Program By Name                                   # src/test/resources/features/Feature3programfeatures/step5_program_searchpgm.feature:13
Inside Program page
  Given User is on Program page                                    # stepdefinitions.Program_Heading_Steps.user_is_on_program_page()
  When User enters <name phrase> into search box from ProgramPage. # stepdefinitions.Program_Search_Steps.user_enters_name_phrase_into_search_box_from_program_page()
In Page 1
SDETis present in row1
Total Pages:  1
Total Records:  1
  Then Entries for <name phrase> are shown in ProgramPage.         # stepdefinitions.Program_Search_Steps.entries_for_name_phrase_are_shown_in_program_page()
]]></system-out>
  </testcase>
  <testcase name="Search Program By Description" classname="Feature to Validate SearchProgram of LMS UI Program Page" time="2.474">
    <system-out><![CDATA[
@pgm_search @search_bydescription
Scenario: Search Program By Description                                   # src/test/resources/features/Feature3programfeatures/step5_program_searchpgm.feature:19
Inside Program page
  Given User is on Program page                                           # stepdefinitions.Program_Heading_Steps.user_is_on_program_page()
  When User enters <description phrase> into search box from ProgramPage. # stepdefinitions.Program_Search_Steps.user_enters_description_phrase_into_search_box_from_program_page()
In Page 1
JAVAis present in row1
JAVAis present in row2
Total Pages:  1
Total Records:  2
  Then Entries for <description phrase> are shown in ProgramPage.         # stepdefinitions.Program_Search_Steps.entries_for_description_phrase_are_shown_in_program_page()
]]></system-out>
  </testcase>
  <testcase name="Search Program By Status" classname="Feature to Validate SearchProgram of LMS UI Program Page" time="4.721">
    <system-out><![CDATA[
@pgm_search @search_bystatus
Scenario: Search Program By Status                                 # src/test/resources/features/Feature3programfeatures/step5_program_searchpgm.feature:26
Inside Program page
  Given User is on Program page                                    # stepdefinitions.Program_Heading_Steps.user_is_on_program_page()
  When User enters <status phrase> into search box in ProgramPage. # stepdefinitions.Program_Search_Steps.user_enters_status_phrase_into_search_box_in_program_page()
In Page 1
ACTIVEis present in row1
ACTIVEis present in row2
ACTIVEis present in row3
ACTIVEis present in row4
ACTIVEis present in row5
In Page 2
ACTIVEis present in row1
ACTIVEis present in row2
ACTIVEis present in row3
ACTIVEis present in row4
ACTIVEis present in row5
In Page 3
ACTIVEis present in row1
ACTIVEis present in row2
ACTIVEis present in row3
ACTIVEis present in row4
ACTIVEis present in row5
In Page 4
ACTIVEis present in row1
ACTIVEis present in row2
ACTIVEis present in row3
ACTIVEis present in row4
ACTIVEis present in row5
Total Pages:  4
Total Records:  20
  Then Entries for <status phrase> are shown in ProgramPage.       # stepdefinitions.Program_Search_Steps.entries_for_status_phrase_are_shown_in_program_page()
]]></system-out>
  </testcase>
  <testcase name="Select Program" classname="Feature to Validate Edit Program of LMS UI Program Page" time="23.188">
    <error message="chrome not reachable&#10;  (Session info: chrome=105.0.5195.127)&#10;Build info: version: &apos;3.141.59&apos;, revision: &apos;e82be7d358&apos;, time: &apos;2018-11-14T08:17:03&apos;&#10;System info: host: &apos;DESKTOP-VUHI299&apos;, ip: &apos;192.168.0.41&apos;, os.name: &apos;Windows 11&apos;, os.arch: &apos;amd64&apos;, os.version: &apos;10.0&apos;, java.version: &apos;1.8.0_333&apos;&#10;Driver info: org.openqa.selenium.chrome.ChromeDriver&#10;Capabilities {acceptInsecureCerts: false, browserName: chrome, browserVersion: 105.0.5195.127, chrome: {chromedriverVersion: 105.0.5195.52 (412c95e51883..., userDataDir: C:\Users\Lalitha\AppData\Lo...}, goog:chromeOptions: {debuggerAddress: localhost:51354}, javascriptEnabled: true, networkConnectionEnabled: false, pageLoadStrategy: normal, platform: WINDOWS, platformName: WINDOWS, proxy: Proxy(), setWindowRect: true, strictFileInteractability: false, timeouts: {implicit: 0, pageLoad: 300000, script: 30000}, unhandledPromptBehavior: dismiss and notify, webauthn:extension:credBlob: true, webauthn:extension:largeBlob: true, webauthn:virtualAuthenticators: true}&#10;Session ID: b6be6321360ca5381e0e6a3da8358e64&#10;*** Element info: {Using=xpath, value=//tbody/tr[1]/td[1]}" type="org.openqa.selenium.WebDriverException"><![CDATA[org.openqa.selenium.WebDriverException: 
chrome not reachable
  (Session info: chrome=105.0.5195.127)
Build info: version: '3.141.59', revision: 'e82be7d358', time: '2018-11-14T08:17:03'
System info: host: 'DESKTOP-VUHI299', ip: '192.168.0.41', os.name: 'Windows 11', os.arch: 'amd64', os.version: '10.0', java.version: '1.8.0_333'
Driver info: org.openqa.selenium.chrome.ChromeDriver
Capabilities {acceptInsecureCerts: false, browserName: chrome, browserVersion: 105.0.5195.127, chrome: {chromedriverVersion: 105.0.5195.52 (412c95e51883..., userDataDir: C:\Users\Lalitha\AppData\Lo...}, goog:chromeOptions: {debuggerAddress: localhost:51354}, javascriptEnabled: true, networkConnectionEnabled: false, pageLoadStrategy: normal, platform: WINDOWS, platformName: WINDOWS, proxy: Proxy(), setWindowRect: true, strictFileInteractability: false, timeouts: {implicit: 0, pageLoad: 300000, script: 30000}, unhandledPromptBehavior: dismiss and notify, webauthn:extension:credBlob: true, webauthn:extension:largeBlob: true, webauthn:virtualAuthenticators: true}
Session ID: b6be6321360ca5381e0e6a3da8358e64
*** Element info: {Using=xpath, value=//tbody/tr[1]/td[1]}
	at sun.reflect.NativeConstructorAccessorImpl.newInstance0(Native Method)
	at sun.reflect.NativeConstructorAccessorImpl.newInstance(NativeConstructorAccessorImpl.java:62)
	at sun.reflect.DelegatingConstructorAccessorImpl.newInstance(DelegatingConstructorAccessorImpl.java:45)
	at java.lang.reflect.Constructor.newInstance(Constructor.java:423)
	at org.openqa.selenium.remote.http.W3CHttpResponseCodec.createException(W3CHttpResponseCodec.java:187)
	at org.openqa.selenium.remote.http.W3CHttpResponseCodec.decode(W3CHttpResponseCodec.java:122)
	at org.openqa.selenium.remote.http.W3CHttpResponseCodec.decode(W3CHttpResponseCodec.java:49)
	at org.openqa.selenium.remote.HttpCommandExecutor.execute(HttpCommandExecutor.java:158)
	at org.openqa.selenium.remote.service.DriverCommandExecutor.execute(DriverCommandExecutor.java:83)
	at org.openqa.selenium.remote.RemoteWebDriver.execute(RemoteWebDriver.java:552)
	at org.openqa.selenium.remote.RemoteWebDriver.findElement(RemoteWebDriver.java:323)
	at org.openqa.selenium.remote.RemoteWebDriver.findElementByXPath(RemoteWebDriver.java:428)
	at org.openqa.selenium.By$ByXPath.findElement(By.java:353)
	at org.openqa.selenium.remote.RemoteWebDriver.findElement(RemoteWebDriver.java:315)
	at org.openqa.selenium.support.pagefactory.DefaultElementLocator.findElement(DefaultElementLocator.java:69)
	at org.openqa.selenium.support.pagefactory.internal.LocatingElementHandler.invoke(LocatingElementHandler.java:38)
	at com.sun.proxy.$Proxy16.isEnabled(Unknown Source)
	at com.lms.pages.ProgramPage.check_program_selected(ProgramPage.java:280)
	at stepdefinitions.Program_Edit_Steps.program_gets_selected(Program_Edit_Steps.java:19)
	at ✽.Program gets selected(file:///D:/JavaSeleniumExamples/LMSNinjaHuntersBDD/src/test/resources/features/Feature3programfeatures/step6_program_edit.feature:9)
]]></error>
    <system-out><![CDATA[
@pgm_edit @selectpgm
Scenario: Select Program                   # src/test/resources/features/Feature3programfeatures/step6_program_edit.feature:6
Inside Program page
  Given User is on Program page            # stepdefinitions.Program_Heading_Steps.user_is_on_program_page()
  When User selects Program using checkbox # stepdefinitions.Program_Edit_Steps.user_selects_program_using_checkbox()
  Then Program gets selected               # stepdefinitions.Program_Edit_Steps.program_gets_selected()
      org.openqa.selenium.WebDriverException: chrome not reachable
  (Session info: chrome=105.0.5195.127)
Build info: version: '3.141.59', revision: 'e82be7d358', time: '2018-11-14T08:17:03'
System info: host: 'DESKTOP-VUHI299', ip: '192.168.0.41', os.name: 'Windows 11', os.arch: 'amd64', os.version: '10.0', java.version: '1.8.0_333'
Driver info: org.openqa.selenium.chrome.ChromeDriver
Capabilities {acceptInsecureCerts: false, browserName: chrome, browserVersion: 105.0.5195.127, chrome: {chromedriverVersion: 105.0.5195.52 (412c95e51883..., userDataDir: C:\Users\Lalitha\AppData\Lo...}, goog:chromeOptions: {debuggerAddress: localhost:51354}, javascriptEnabled: true, networkConnectionEnabled: false, pageLoadStrategy: normal, platform: WINDOWS, platformName: WINDOWS, proxy: Proxy(), setWindowRect: true, strictFileInteractability: false, timeouts: {implicit: 0, pageLoad: 300000, script: 30000}, unhandledPromptBehavior: dismiss and notify, webauthn:extension:credBlob: true, webauthn:extension:largeBlob: true, webauthn:virtualAuthenticators: true}
Session ID: b6be6321360ca5381e0e6a3da8358e64
*** Element info: {Using=xpath, value=//tbody/tr[1]/td[1]}
	at sun.reflect.NativeConstructorAccessorImpl.newInstance0(Native Method)
	at sun.reflect.NativeConstructorAccessorImpl.newInstance(NativeConstructorAccessorImpl.java:62)
	at sun.reflect.DelegatingConstructorAccessorImpl.newInstance(DelegatingConstructorAccessorImpl.java:45)
	at java.lang.reflect.Constructor.newInstance(Constructor.java:423)
	at org.openqa.selenium.remote.http.W3CHttpResponseCodec.createException(W3CHttpResponseCodec.java:187)
	at org.openqa.selenium.remote.http.W3CHttpResponseCodec.decode(W3CHttpResponseCodec.java:122)
	at org.openqa.selenium.remote.http.W3CHttpResponseCodec.decode(W3CHttpResponseCodec.java:49)
	at org.openqa.selenium.remote.HttpCommandExecutor.execute(HttpCommandExecutor.java:158)
	at org.openqa.selenium.remote.service.DriverCommandExecutor.execute(DriverCommandExecutor.java:83)
	at org.openqa.selenium.remote.RemoteWebDriver.execute(RemoteWebDriver.java:552)
	at org.openqa.selenium.remote.RemoteWebDriver.findElement(RemoteWebDriver.java:323)
	at org.openqa.selenium.remote.RemoteWebDriver.findElementByXPath(RemoteWebDriver.java:428)
	at org.openqa.selenium.By$ByXPath.findElement(By.java:353)
	at org.openqa.selenium.remote.RemoteWebDriver.findElement(RemoteWebDriver.java:315)
	at org.openqa.selenium.support.pagefactory.DefaultElementLocator.findElement(DefaultElementLocator.java:69)
	at org.openqa.selenium.support.pagefactory.internal.LocatingElementHandler.invoke(LocatingElementHandler.java:38)
	at com.sun.proxy.$Proxy16.isEnabled(Unknown Source)
	at com.lms.pages.ProgramPage.check_program_selected(ProgramPage.java:280)
	at stepdefinitions.Program_Edit_Steps.program_gets_selected(Program_Edit_Steps.java:19)
	at âœ½.Program gets selected(file:///D:/JavaSeleniumExamples/LMSNinjaHuntersBDD/src/test/resources/features/Feature3programfeatures/step6_program_edit.feature:9)

      org.openqa.selenium.WebDriverException: chrome not reachable
  (Session info: chrome=105.0.5195.127)
Build info: version: '3.141.59', revision: 'e82be7d358', time: '2018-11-14T08:17:03'
System info: host: 'DESKTOP-VUHI299', ip: '192.168.0.41', os.name: 'Windows 11', os.arch: 'amd64', os.version: '10.0', java.version: '1.8.0_333'
Driver info: org.openqa.selenium.chrome.ChromeDriver
Capabilities {acceptInsecureCerts: false, browserName: chrome, browserVersion: 105.0.5195.127, chrome: {chromedriverVersion: 105.0.5195.52 (412c95e51883..., userDataDir: C:\Users\Lalitha\AppData\Lo...}, goog:chromeOptions: {debuggerAddress: localhost:51354}, javascriptEnabled: true, networkConnectionEnabled: false, pageLoadStrategy: normal, platform: WINDOWS, platformName: WINDOWS, proxy: Proxy(), setWindowRect: true, strictFileInteractability: false, timeouts: {implicit: 0, pageLoad: 300000, script: 30000}, unhandledPromptBehavior: dismiss and notify, webauthn:extension:credBlob: true, webauthn:extension:largeBlob: true, webauthn:virtualAuthenticators: true}
Session ID: b6be6321360ca5381e0e6a3da8358e64
	at sun.reflect.NativeConstructorAccessorImpl.newInstance0(Native Method)
	at sun.reflect.NativeConstructorAccessorImpl.newInstance(NativeConstructorAccessorImpl.java:62)
	at sun.reflect.DelegatingConstructorAccessorImpl.newInstance(DelegatingConstructorAccessorImpl.java:45)
	at java.lang.reflect.Constructor.newInstance(Constructor.java:423)
	at org.openqa.selenium.remote.http.W3CHttpResponseCodec.createException(W3CHttpResponseCodec.java:187)
	at org.openqa.selenium.remote.http.W3CHttpResponseCodec.decode(W3CHttpResponseCodec.java:122)
	at org.openqa.selenium.remote.http.W3CHttpResponseCodec.decode(W3CHttpResponseCodec.java:49)
	at org.openqa.selenium.remote.HttpCommandExecutor.execute(HttpCommandExecutor.java:158)
	at org.openqa.selenium.remote.service.DriverCommandExecutor.execute(DriverCommandExecutor.java:83)
	at org.openqa.selenium.remote.RemoteWebDriver.execute(RemoteWebDriver.java:552)
	at org.openqa.selenium.remote.RemoteWebDriver.execute(RemoteWebDriver.java:609)
	at org.openqa.selenium.remote.RemoteWebDriver.getScreenshotAs(RemoteWebDriver.java:295)
	at stepdefinitions.Hooks.takeScreenshot(Hooks.java:20)

]]></system-out>
    <system-err><![CDATA[[1664284021.475][WARNING]: Timed out connecting to Chrome, retrying...
[1664284031.931][WARNING]: Timed out connecting to Chrome, retrying...
]]></system-err>
  </testcase>
  <testcase name="Select Program" classname="Feature to Validate Edit Program of LMS UI Program Page" time="23.188">
    <error message="chrome not reachable&#10;  (Session info: chrome=105.0.5195.127)&#10;Build info: version: &apos;3.141.59&apos;, revision: &apos;e82be7d358&apos;, time: &apos;2018-11-14T08:17:03&apos;&#10;System info: host: &apos;DESKTOP-VUHI299&apos;, ip: &apos;192.168.0.41&apos;, os.name: &apos;Windows 11&apos;, os.arch: &apos;amd64&apos;, os.version: &apos;10.0&apos;, java.version: &apos;1.8.0_333&apos;&#10;Driver info: org.openqa.selenium.chrome.ChromeDriver&#10;Capabilities {acceptInsecureCerts: false, browserName: chrome, browserVersion: 105.0.5195.127, chrome: {chromedriverVersion: 105.0.5195.52 (412c95e51883..., userDataDir: C:\Users\Lalitha\AppData\Lo...}, goog:chromeOptions: {debuggerAddress: localhost:51354}, javascriptEnabled: true, networkConnectionEnabled: false, pageLoadStrategy: normal, platform: WINDOWS, platformName: WINDOWS, proxy: Proxy(), setWindowRect: true, strictFileInteractability: false, timeouts: {implicit: 0, pageLoad: 300000, script: 30000}, unhandledPromptBehavior: dismiss and notify, webauthn:extension:credBlob: true, webauthn:extension:largeBlob: true, webauthn:virtualAuthenticators: true}&#10;Session ID: b6be6321360ca5381e0e6a3da8358e64" type="org.openqa.selenium.WebDriverException"><![CDATA[org.openqa.selenium.WebDriverException: 
chrome not reachable
  (Session info: chrome=105.0.5195.127)
Build info: version: '3.141.59', revision: 'e82be7d358', time: '2018-11-14T08:17:03'
System info: host: 'DESKTOP-VUHI299', ip: '192.168.0.41', os.name: 'Windows 11', os.arch: 'amd64', os.version: '10.0', java.version: '1.8.0_333'
Driver info: org.openqa.selenium.chrome.ChromeDriver
Capabilities {acceptInsecureCerts: false, browserName: chrome, browserVersion: 105.0.5195.127, chrome: {chromedriverVersion: 105.0.5195.52 (412c95e51883..., userDataDir: C:\Users\Lalitha\AppData\Lo...}, goog:chromeOptions: {debuggerAddress: localhost:51354}, javascriptEnabled: true, networkConnectionEnabled: false, pageLoadStrategy: normal, platform: WINDOWS, platformName: WINDOWS, proxy: Proxy(), setWindowRect: true, strictFileInteractability: false, timeouts: {implicit: 0, pageLoad: 300000, script: 30000}, unhandledPromptBehavior: dismiss and notify, webauthn:extension:credBlob: true, webauthn:extension:largeBlob: true, webauthn:virtualAuthenticators: true}
Session ID: b6be6321360ca5381e0e6a3da8358e64
	at sun.reflect.NativeConstructorAccessorImpl.newInstance0(Native Method)
	at sun.reflect.NativeConstructorAccessorImpl.newInstance(NativeConstructorAccessorImpl.java:62)
	at sun.reflect.DelegatingConstructorAccessorImpl.newInstance(DelegatingConstructorAccessorImpl.java:45)
	at java.lang.reflect.Constructor.newInstance(Constructor.java:423)
	at org.openqa.selenium.remote.http.W3CHttpResponseCodec.createException(W3CHttpResponseCodec.java:187)
	at org.openqa.selenium.remote.http.W3CHttpResponseCodec.decode(W3CHttpResponseCodec.java:122)
	at org.openqa.selenium.remote.http.W3CHttpResponseCodec.decode(W3CHttpResponseCodec.java:49)
	at org.openqa.selenium.remote.HttpCommandExecutor.execute(HttpCommandExecutor.java:158)
	at org.openqa.selenium.remote.service.DriverCommandExecutor.execute(DriverCommandExecutor.java:83)
	at org.openqa.selenium.remote.RemoteWebDriver.execute(RemoteWebDriver.java:552)
	at org.openqa.selenium.remote.RemoteWebDriver.execute(RemoteWebDriver.java:609)
	at org.openqa.selenium.remote.RemoteWebDriver.getScreenshotAs(RemoteWebDriver.java:295)
	at stepdefinitions.Hooks.takeScreenshot(Hooks.java:20)
]]></error>
  </testcase>
  <testcase name="Edit Feature" classname="Feature to Validate Edit Program of LMS UI Program Page" time="20.91">
    <error message="chrome not reachable&#10;  (Session info: chrome=105.0.5195.127)&#10;Build info: version: &apos;3.141.59&apos;, revision: &apos;e82be7d358&apos;, time: &apos;2018-11-14T08:17:03&apos;&#10;System info: host: &apos;DESKTOP-VUHI299&apos;, ip: &apos;192.168.0.41&apos;, os.name: &apos;Windows 11&apos;, os.arch: &apos;amd64&apos;, os.version: &apos;10.0&apos;, java.version: &apos;1.8.0_333&apos;&#10;Driver info: org.openqa.selenium.chrome.ChromeDriver&#10;Capabilities {acceptInsecureCerts: false, browserName: chrome, browserVersion: 105.0.5195.127, chrome: {chromedriverVersion: 105.0.5195.52 (412c95e51883..., userDataDir: C:\Users\Lalitha\AppData\Lo...}, goog:chromeOptions: {debuggerAddress: localhost:51354}, javascriptEnabled: true, networkConnectionEnabled: false, pageLoadStrategy: normal, platform: WINDOWS, platformName: WINDOWS, proxy: Proxy(), setWindowRect: true, strictFileInteractability: false, timeouts: {implicit: 0, pageLoad: 300000, script: 30000}, unhandledPromptBehavior: dismiss and notify, webauthn:extension:credBlob: true, webauthn:extension:largeBlob: true, webauthn:virtualAuthenticators: true}&#10;Session ID: b6be6321360ca5381e0e6a3da8358e64&#10;*** Element info: {Using=xpath, value=//span[@class=&apos;mat-button-wrapper&apos; and text()=&apos;Program&apos;]}" type="org.openqa.selenium.WebDriverException"><![CDATA[org.openqa.selenium.WebDriverException: 
chrome not reachable
  (Session info: chrome=105.0.5195.127)
Build info: version: '3.141.59', revision: 'e82be7d358', time: '2018-11-14T08:17:03'
System info: host: 'DESKTOP-VUHI299', ip: '192.168.0.41', os.name: 'Windows 11', os.arch: 'amd64', os.version: '10.0', java.version: '1.8.0_333'
Driver info: org.openqa.selenium.chrome.ChromeDriver
Capabilities {acceptInsecureCerts: false, browserName: chrome, browserVersion: 105.0.5195.127, chrome: {chromedriverVersion: 105.0.5195.52 (412c95e51883..., userDataDir: C:\Users\Lalitha\AppData\Lo...}, goog:chromeOptions: {debuggerAddress: localhost:51354}, javascriptEnabled: true, networkConnectionEnabled: false, pageLoadStrategy: normal, platform: WINDOWS, platformName: WINDOWS, proxy: Proxy(), setWindowRect: true, strictFileInteractability: false, timeouts: {implicit: 0, pageLoad: 300000, script: 30000}, unhandledPromptBehavior: dismiss and notify, webauthn:extension:credBlob: true, webauthn:extension:largeBlob: true, webauthn:virtualAuthenticators: true}
Session ID: b6be6321360ca5381e0e6a3da8358e64
*** Element info: {Using=xpath, value=//span[@class='mat-button-wrapper' and text()='Program']}
	at sun.reflect.NativeConstructorAccessorImpl.newInstance0(Native Method)
	at sun.reflect.NativeConstructorAccessorImpl.newInstance(NativeConstructorAccessorImpl.java:62)
	at sun.reflect.DelegatingConstructorAccessorImpl.newInstance(DelegatingConstructorAccessorImpl.java:45)
	at java.lang.reflect.Constructor.newInstance(Constructor.java:423)
	at org.openqa.selenium.remote.http.W3CHttpResponseCodec.createException(W3CHttpResponseCodec.java:187)
	at org.openqa.selenium.remote.http.W3CHttpResponseCodec.decode(W3CHttpResponseCodec.java:122)
	at org.openqa.selenium.remote.http.W3CHttpResponseCodec.decode(W3CHttpResponseCodec.java:49)
	at org.openqa.selenium.remote.HttpCommandExecutor.execute(HttpCommandExecutor.java:158)
	at org.openqa.selenium.remote.service.DriverCommandExecutor.execute(DriverCommandExecutor.java:83)
	at org.openqa.selenium.remote.RemoteWebDriver.execute(RemoteWebDriver.java:552)
	at org.openqa.selenium.remote.RemoteWebDriver.findElement(RemoteWebDriver.java:323)
	at org.openqa.selenium.remote.RemoteWebDriver.findElementByXPath(RemoteWebDriver.java:428)
	at org.openqa.selenium.By$ByXPath.findElement(By.java:353)
	at org.openqa.selenium.remote.RemoteWebDriver.findElement(RemoteWebDriver.java:315)
	at org.openqa.selenium.support.pagefactory.DefaultElementLocator.findElement(DefaultElementLocator.java:69)
	at org.openqa.selenium.support.pagefactory.internal.LocatingElementHandler.invoke(LocatingElementHandler.java:38)
	at com.sun.proxy.$Proxy16.click(Unknown Source)
	at com.lms.pages.ProgramPage.click_on_programpage(ProgramPage.java:99)
	at stepdefinitions.Program_Heading_Steps.user_is_on_program_page(Program_Heading_Steps.java:19)
	at ✽.User is on Program page(file:///D:/JavaSeleniumExamples/LMSNinjaHuntersBDD/src/test/resources/features/Feature3programfeatures/step6_program_edit.feature:14)
]]></error>
    <system-out><![CDATA[
@pgm_edit @edit_feature
Scenario: Edit Feature                             # src/test/resources/features/Feature3programfeatures/step6_program_edit.feature:13
  Given User is on Program page                    # stepdefinitions.Program_Heading_Steps.user_is_on_program_page()
      org.openqa.selenium.WebDriverException: chrome not reachable
  (Session info: chrome=105.0.5195.127)
Build info: version: '3.141.59', revision: 'e82be7d358', time: '2018-11-14T08:17:03'
System info: host: 'DESKTOP-VUHI299', ip: '192.168.0.41', os.name: 'Windows 11', os.arch: 'amd64', os.version: '10.0', java.version: '1.8.0_333'
Driver info: org.openqa.selenium.chrome.ChromeDriver
Capabilities {acceptInsecureCerts: false, browserName: chrome, browserVersion: 105.0.5195.127, chrome: {chromedriverVersion: 105.0.5195.52 (412c95e51883..., userDataDir: C:\Users\Lalitha\AppData\Lo...}, goog:chromeOptions: {debuggerAddress: localhost:51354}, javascriptEnabled: true, networkConnectionEnabled: false, pageLoadStrategy: normal, platform: WINDOWS, platformName: WINDOWS, proxy: Proxy(), setWindowRect: true, strictFileInteractability: false, timeouts: {implicit: 0, pageLoad: 300000, script: 30000}, unhandledPromptBehavior: dismiss and notify, webauthn:extension:credBlob: true, webauthn:extension:largeBlob: true, webauthn:virtualAuthenticators: true}
Session ID: b6be6321360ca5381e0e6a3da8358e64
*** Element info: {Using=xpath, value=//span[@class='mat-button-wrapper' and text()='Program']}
	at sun.reflect.NativeConstructorAccessorImpl.newInstance0(Native Method)
	at sun.reflect.NativeConstructorAccessorImpl.newInstance(NativeConstructorAccessorImpl.java:62)
	at sun.reflect.DelegatingConstructorAccessorImpl.newInstance(DelegatingConstructorAccessorImpl.java:45)
	at java.lang.reflect.Constructor.newInstance(Constructor.java:423)
	at org.openqa.selenium.remote.http.W3CHttpResponseCodec.createException(W3CHttpResponseCodec.java:187)
	at org.openqa.selenium.remote.http.W3CHttpResponseCodec.decode(W3CHttpResponseCodec.java:122)
	at org.openqa.selenium.remote.http.W3CHttpResponseCodec.decode(W3CHttpResponseCodec.java:49)
	at org.openqa.selenium.remote.HttpCommandExecutor.execute(HttpCommandExecutor.java:158)
	at org.openqa.selenium.remote.service.DriverCommandExecutor.execute(DriverCommandExecutor.java:83)
	at org.openqa.selenium.remote.RemoteWebDriver.execute(RemoteWebDriver.java:552)
	at org.openqa.selenium.remote.RemoteWebDriver.findElement(RemoteWebDriver.java:323)
	at org.openqa.selenium.remote.RemoteWebDriver.findElementByXPath(RemoteWebDriver.java:428)
	at org.openqa.selenium.By$ByXPath.findElement(By.java:353)
	at org.openqa.selenium.remote.RemoteWebDriver.findElement(RemoteWebDriver.java:315)
	at org.openqa.selenium.support.pagefactory.DefaultElementLocator.findElement(DefaultElementLocator.java:69)
	at org.openqa.selenium.support.pagefactory.internal.LocatingElementHandler.invoke(LocatingElementHandler.java:38)
	at com.sun.proxy.$Proxy16.click(Unknown Source)
	at com.lms.pages.ProgramPage.click_on_programpage(ProgramPage.java:99)
	at stepdefinitions.Program_Heading_Steps.user_is_on_program_page(Program_Heading_Steps.java:19)
	at âœ½.User is on Program page(file:///D:/JavaSeleniumExamples/LMSNinjaHuntersBDD/src/test/resources/features/Feature3programfeatures/step6_program_edit.feature:14)

  When User clicks on <Edit> button in ProgramPage # stepdefinitions.Program_Edit_Steps.user_clicks_on_edit_button_in_programpage()
  Then User is on Program Details form.            # stepdefinitions.Program_Edit_Steps.user_is_on_program_details_form()
      org.openqa.selenium.WebDriverException: chrome not reachable
  (Session info: chrome=105.0.5195.127)
Build info: version: '3.141.59', revision: 'e82be7d358', time: '2018-11-14T08:17:03'
System info: host: 'DESKTOP-VUHI299', ip: '192.168.0.41', os.name: 'Windows 11', os.arch: 'amd64', os.version: '10.0', java.version: '1.8.0_333'
Driver info: org.openqa.selenium.chrome.ChromeDriver
Capabilities {acceptInsecureCerts: false, browserName: chrome, browserVersion: 105.0.5195.127, chrome: {chromedriverVersion: 105.0.5195.52 (412c95e51883..., userDataDir: C:\Users\Lalitha\AppData\Lo...}, goog:chromeOptions: {debuggerAddress: localhost:51354}, javascriptEnabled: true, networkConnectionEnabled: false, pageLoadStrategy: normal, platform: WINDOWS, platformName: WINDOWS, proxy: Proxy(), setWindowRect: true, strictFileInteractability: false, timeouts: {implicit: 0, pageLoad: 300000, script: 30000}, unhandledPromptBehavior: dismiss and notify, webauthn:extension:credBlob: true, webauthn:extension:largeBlob: true, webauthn:virtualAuthenticators: true}
Session ID: b6be6321360ca5381e0e6a3da8358e64
	at sun.reflect.NativeConstructorAccessorImpl.newInstance0(Native Method)
	at sun.reflect.NativeConstructorAccessorImpl.newInstance(NativeConstructorAccessorImpl.java:62)
	at sun.reflect.DelegatingConstructorAccessorImpl.newInstance(DelegatingConstructorAccessorImpl.java:45)
	at java.lang.reflect.Constructor.newInstance(Constructor.java:423)
	at org.openqa.selenium.remote.http.W3CHttpResponseCodec.createException(W3CHttpResponseCodec.java:187)
	at org.openqa.selenium.remote.http.W3CHttpResponseCodec.decode(W3CHttpResponseCodec.java:122)
	at org.openqa.selenium.remote.http.W3CHttpResponseCodec.decode(W3CHttpResponseCodec.java:49)
	at org.openqa.selenium.remote.HttpCommandExecutor.execute(HttpCommandExecutor.java:158)
	at org.openqa.selenium.remote.service.DriverCommandExecutor.execute(DriverCommandExecutor.java:83)
	at org.openqa.selenium.remote.RemoteWebDriver.execute(RemoteWebDriver.java:552)
	at org.openqa.selenium.remote.RemoteWebDriver.execute(RemoteWebDriver.java:609)
	at org.openqa.selenium.remote.RemoteWebDriver.getScreenshotAs(RemoteWebDriver.java:295)
	at stepdefinitions.Hooks.takeScreenshot(Hooks.java:20)

]]></system-out>
    <system-err><![CDATA[[1664284042.378][WARNING]: Timed out connecting to Chrome, retrying...
[1664284052.807][WARNING]: Timed out connecting to Chrome, retrying...
]]></system-err>
  </testcase>
  <testcase name="Edit Feature" classname="Feature to Validate Edit Program of LMS UI Program Page" time="20.91">
    <error message="chrome not reachable&#10;  (Session info: chrome=105.0.5195.127)&#10;Build info: version: &apos;3.141.59&apos;, revision: &apos;e82be7d358&apos;, time: &apos;2018-11-14T08:17:03&apos;&#10;System info: host: &apos;DESKTOP-VUHI299&apos;, ip: &apos;192.168.0.41&apos;, os.name: &apos;Windows 11&apos;, os.arch: &apos;amd64&apos;, os.version: &apos;10.0&apos;, java.version: &apos;1.8.0_333&apos;&#10;Driver info: org.openqa.selenium.chrome.ChromeDriver&#10;Capabilities {acceptInsecureCerts: false, browserName: chrome, browserVersion: 105.0.5195.127, chrome: {chromedriverVersion: 105.0.5195.52 (412c95e51883..., userDataDir: C:\Users\Lalitha\AppData\Lo...}, goog:chromeOptions: {debuggerAddress: localhost:51354}, javascriptEnabled: true, networkConnectionEnabled: false, pageLoadStrategy: normal, platform: WINDOWS, platformName: WINDOWS, proxy: Proxy(), setWindowRect: true, strictFileInteractability: false, timeouts: {implicit: 0, pageLoad: 300000, script: 30000}, unhandledPromptBehavior: dismiss and notify, webauthn:extension:credBlob: true, webauthn:extension:largeBlob: true, webauthn:virtualAuthenticators: true}&#10;Session ID: b6be6321360ca5381e0e6a3da8358e64" type="org.openqa.selenium.WebDriverException"><![CDATA[org.openqa.selenium.WebDriverException: 
chrome not reachable
  (Session info: chrome=105.0.5195.127)
Build info: version: '3.141.59', revision: 'e82be7d358', time: '2018-11-14T08:17:03'
System info: host: 'DESKTOP-VUHI299', ip: '192.168.0.41', os.name: 'Windows 11', os.arch: 'amd64', os.version: '10.0', java.version: '1.8.0_333'
Driver info: org.openqa.selenium.chrome.ChromeDriver
Capabilities {acceptInsecureCerts: false, browserName: chrome, browserVersion: 105.0.5195.127, chrome: {chromedriverVersion: 105.0.5195.52 (412c95e51883..., userDataDir: C:\Users\Lalitha\AppData\Lo...}, goog:chromeOptions: {debuggerAddress: localhost:51354}, javascriptEnabled: true, networkConnectionEnabled: false, pageLoadStrategy: normal, platform: WINDOWS, platformName: WINDOWS, proxy: Proxy(), setWindowRect: true, strictFileInteractability: false, timeouts: {implicit: 0, pageLoad: 300000, script: 30000}, unhandledPromptBehavior: dismiss and notify, webauthn:extension:credBlob: true, webauthn:extension:largeBlob: true, webauthn:virtualAuthenticators: true}
Session ID: b6be6321360ca5381e0e6a3da8358e64
	at sun.reflect.NativeConstructorAccessorImpl.newInstance0(Native Method)
	at sun.reflect.NativeConstructorAccessorImpl.newInstance(NativeConstructorAccessorImpl.java:62)
	at sun.reflect.DelegatingConstructorAccessorImpl.newInstance(DelegatingConstructorAccessorImpl.java:45)
	at java.lang.reflect.Constructor.newInstance(Constructor.java:423)
	at org.openqa.selenium.remote.http.W3CHttpResponseCodec.createException(W3CHttpResponseCodec.java:187)
	at org.openqa.selenium.remote.http.W3CHttpResponseCodec.decode(W3CHttpResponseCodec.java:122)
	at org.openqa.selenium.remote.http.W3CHttpResponseCodec.decode(W3CHttpResponseCodec.java:49)
	at org.openqa.selenium.remote.HttpCommandExecutor.execute(HttpCommandExecutor.java:158)
	at org.openqa.selenium.remote.service.DriverCommandExecutor.execute(DriverCommandExecutor.java:83)
	at org.openqa.selenium.remote.RemoteWebDriver.execute(RemoteWebDriver.java:552)
	at org.openqa.selenium.remote.RemoteWebDriver.execute(RemoteWebDriver.java:609)
	at org.openqa.selenium.remote.RemoteWebDriver.getScreenshotAs(RemoteWebDriver.java:295)
	at stepdefinitions.Hooks.takeScreenshot(Hooks.java:20)
]]></error>
  </testcase>
  <testcase name="Edit Program Name" classname="Feature to Validate Edit Program of LMS UI Program Page" time="31.349">
    <error message="chrome not reachable&#10;  (Session info: chrome=105.0.5195.127)&#10;Build info: version: &apos;3.141.59&apos;, revision: &apos;e82be7d358&apos;, time: &apos;2018-11-14T08:17:03&apos;&#10;System info: host: &apos;DESKTOP-VUHI299&apos;, ip: &apos;192.168.0.41&apos;, os.name: &apos;Windows 11&apos;, os.arch: &apos;amd64&apos;, os.version: &apos;10.0&apos;, java.version: &apos;1.8.0_333&apos;&#10;Driver info: org.openqa.selenium.chrome.ChromeDriver&#10;Capabilities {acceptInsecureCerts: false, browserName: chrome, browserVersion: 105.0.5195.127, chrome: {chromedriverVersion: 105.0.5195.52 (412c95e51883..., userDataDir: C:\Users\Lalitha\AppData\Lo...}, goog:chromeOptions: {debuggerAddress: localhost:51354}, javascriptEnabled: true, networkConnectionEnabled: false, pageLoadStrategy: normal, platform: WINDOWS, platformName: WINDOWS, proxy: Proxy(), setWindowRect: true, strictFileInteractability: false, timeouts: {implicit: 0, pageLoad: 300000, script: 30000}, unhandledPromptBehavior: dismiss and notify, webauthn:extension:credBlob: true, webauthn:extension:largeBlob: true, webauthn:virtualAuthenticators: true}&#10;Session ID: b6be6321360ca5381e0e6a3da8358e64&#10;*** Element info: {Using=xpath, value=//div[@role=&apos;dialog&apos;]}" type="org.openqa.selenium.WebDriverException"><![CDATA[org.openqa.selenium.WebDriverException: 
chrome not reachable
  (Session info: chrome=105.0.5195.127)
Build info: version: '3.141.59', revision: 'e82be7d358', time: '2018-11-14T08:17:03'
System info: host: 'DESKTOP-VUHI299', ip: '192.168.0.41', os.name: 'Windows 11', os.arch: 'amd64', os.version: '10.0', java.version: '1.8.0_333'
Driver info: org.openqa.selenium.chrome.ChromeDriver
Capabilities {acceptInsecureCerts: false, browserName: chrome, browserVersion: 105.0.5195.127, chrome: {chromedriverVersion: 105.0.5195.52 (412c95e51883..., userDataDir: C:\Users\Lalitha\AppData\Lo...}, goog:chromeOptions: {debuggerAddress: localhost:51354}, javascriptEnabled: true, networkConnectionEnabled: false, pageLoadStrategy: normal, platform: WINDOWS, platformName: WINDOWS, proxy: Proxy(), setWindowRect: true, strictFileInteractability: false, timeouts: {implicit: 0, pageLoad: 300000, script: 30000}, unhandledPromptBehavior: dismiss and notify, webauthn:extension:credBlob: true, webauthn:extension:largeBlob: true, webauthn:virtualAuthenticators: true}
Session ID: b6be6321360ca5381e0e6a3da8358e64
*** Element info: {Using=xpath, value=//div[@role='dialog']}
	at sun.reflect.NativeConstructorAccessorImpl.newInstance0(Native Method)
	at sun.reflect.NativeConstructorAccessorImpl.newInstance(NativeConstructorAccessorImpl.java:62)
	at sun.reflect.DelegatingConstructorAccessorImpl.newInstance(DelegatingConstructorAccessorImpl.java:45)
	at java.lang.reflect.Constructor.newInstance(Constructor.java:423)
	at org.openqa.selenium.remote.http.W3CHttpResponseCodec.createException(W3CHttpResponseCodec.java:187)
	at org.openqa.selenium.remote.http.W3CHttpResponseCodec.decode(W3CHttpResponseCodec.java:122)
	at org.openqa.selenium.remote.http.W3CHttpResponseCodec.decode(W3CHttpResponseCodec.java:49)
	at org.openqa.selenium.remote.HttpCommandExecutor.execute(HttpCommandExecutor.java:158)
	at org.openqa.selenium.remote.service.DriverCommandExecutor.execute(DriverCommandExecutor.java:83)
	at org.openqa.selenium.remote.RemoteWebDriver.execute(RemoteWebDriver.java:552)
	at org.openqa.selenium.remote.RemoteWebDriver.findElement(RemoteWebDriver.java:323)
	at org.openqa.selenium.remote.RemoteWebDriver.findElementByXPath(RemoteWebDriver.java:428)
	at org.openqa.selenium.By$ByXPath.findElement(By.java:353)
	at org.openqa.selenium.remote.RemoteWebDriver.findElement(RemoteWebDriver.java:315)
	at org.openqa.selenium.support.pagefactory.DefaultElementLocator.findElement(DefaultElementLocator.java:69)
	at org.openqa.selenium.support.pagefactory.internal.LocatingElementHandler.invoke(LocatingElementHandler.java:38)
	at com.sun.proxy.$Proxy16.isDisplayed(Unknown Source)
	at com.lms.pages.ProgramPage.check_dialogbox_displayed(ProgramPage.java:326)
	at stepdefinitions.Program_Add_Steps.user_is_on_program_details_form(Program_Add_Steps.java:18)
	at ✽.User is on Program Details form(file:///D:/JavaSeleniumExamples/LMSNinjaHuntersBDD/src/test/resources/features/Feature3programfeatures/step6_program_edit.feature:20)
]]></error>
    <system-out><![CDATA[
@pgm_edit @edit_pgmname
Scenario: Edit Program Name                                       # src/test/resources/features/Feature3programfeatures/step6_program_edit.feature:19
  Given User is on Program Details form                           # stepdefinitions.Program_Add_Steps.user_is_on_program_details_form()
      org.openqa.selenium.WebDriverException: chrome not reachable
  (Session info: chrome=105.0.5195.127)
Build info: version: '3.141.59', revision: 'e82be7d358', time: '2018-11-14T08:17:03'
System info: host: 'DESKTOP-VUHI299', ip: '192.168.0.41', os.name: 'Windows 11', os.arch: 'amd64', os.version: '10.0', java.version: '1.8.0_333'
Driver info: org.openqa.selenium.chrome.ChromeDriver
Capabilities {acceptInsecureCerts: false, browserName: chrome, browserVersion: 105.0.5195.127, chrome: {chromedriverVersion: 105.0.5195.52 (412c95e51883..., userDataDir: C:\Users\Lalitha\AppData\Lo...}, goog:chromeOptions: {debuggerAddress: localhost:51354}, javascriptEnabled: true, networkConnectionEnabled: false, pageLoadStrategy: normal, platform: WINDOWS, platformName: WINDOWS, proxy: Proxy(), setWindowRect: true, strictFileInteractability: false, timeouts: {implicit: 0, pageLoad: 300000, script: 30000}, unhandledPromptBehavior: dismiss and notify, webauthn:extension:credBlob: true, webauthn:extension:largeBlob: true, webauthn:virtualAuthenticators: true}
Session ID: b6be6321360ca5381e0e6a3da8358e64
*** Element info: {Using=xpath, value=//div[@role='dialog']}
	at sun.reflect.NativeConstructorAccessorImpl.newInstance0(Native Method)
	at sun.reflect.NativeConstructorAccessorImpl.newInstance(NativeConstructorAccessorImpl.java:62)
	at sun.reflect.DelegatingConstructorAccessorImpl.newInstance(DelegatingConstructorAccessorImpl.java:45)
	at java.lang.reflect.Constructor.newInstance(Constructor.java:423)
	at org.openqa.selenium.remote.http.W3CHttpResponseCodec.createException(W3CHttpResponseCodec.java:187)
	at org.openqa.selenium.remote.http.W3CHttpResponseCodec.decode(W3CHttpResponseCodec.java:122)
	at org.openqa.selenium.remote.http.W3CHttpResponseCodec.decode(W3CHttpResponseCodec.java:49)
	at org.openqa.selenium.remote.HttpCommandExecutor.execute(HttpCommandExecutor.java:158)
	at org.openqa.selenium.remote.service.DriverCommandExecutor.execute(DriverCommandExecutor.java:83)
	at org.openqa.selenium.remote.RemoteWebDriver.execute(RemoteWebDriver.java:552)
	at org.openqa.selenium.remote.RemoteWebDriver.findElement(RemoteWebDriver.java:323)
	at org.openqa.selenium.remote.RemoteWebDriver.findElementByXPath(RemoteWebDriver.java:428)
	at org.openqa.selenium.By$ByXPath.findElement(By.java:353)
	at org.openqa.selenium.remote.RemoteWebDriver.findElement(RemoteWebDriver.java:315)
	at org.openqa.selenium.support.pagefactory.DefaultElementLocator.findElement(DefaultElementLocator.java:69)
	at org.openqa.selenium.support.pagefactory.internal.LocatingElementHandler.invoke(LocatingElementHandler.java:38)
	at com.sun.proxy.$Proxy16.isDisplayed(Unknown Source)
	at com.lms.pages.ProgramPage.check_dialogbox_displayed(ProgramPage.java:326)
	at stepdefinitions.Program_Add_Steps.user_is_on_program_details_form(Program_Add_Steps.java:18)
	at âœ½.User is on Program Details form(file:///D:/JavaSeleniumExamples/LMSNinjaHuntersBDD/src/test/resources/features/Feature3programfeatures/step6_program_edit.feature:20)

  When User edits Name and selects the Save button in ProgramPage # stepdefinitions.Program_Edit_Steps.user_edits_name_and_selects_the_save_button_in_programpage()
  Then User can see updated Name in ProgramPage                   # stepdefinitions.Program_Edit_Steps.user_can_see_updated_name_in_programpage()
      org.openqa.selenium.WebDriverException: chrome not reachable
  (Session info: chrome=105.0.5195.127)
Build info: version: '3.141.59', revision: 'e82be7d358', time: '2018-11-14T08:17:03'
System info: host: 'DESKTOP-VUHI299', ip: '192.168.0.41', os.name: 'Windows 11', os.arch: 'amd64', os.version: '10.0', java.version: '1.8.0_333'
Driver info: org.openqa.selenium.chrome.ChromeDriver
Capabilities {acceptInsecureCerts: false, browserName: chrome, browserVersion: 105.0.5195.127, chrome: {chromedriverVersion: 105.0.5195.52 (412c95e51883..., userDataDir: C:\Users\Lalitha\AppData\Lo...}, goog:chromeOptions: {debuggerAddress: localhost:51354}, javascriptEnabled: true, networkConnectionEnabled: false, pageLoadStrategy: normal, platform: WINDOWS, platformName: WINDOWS, proxy: Proxy(), setWindowRect: true, strictFileInteractability: false, timeouts: {implicit: 0, pageLoad: 300000, script: 30000}, unhandledPromptBehavior: dismiss and notify, webauthn:extension:credBlob: true, webauthn:extension:largeBlob: true, webauthn:virtualAuthenticators: true}
Session ID: b6be6321360ca5381e0e6a3da8358e64
	at sun.reflect.NativeConstructorAccessorImpl.newInstance0(Native Method)
	at sun.reflect.NativeConstructorAccessorImpl.newInstance(NativeConstructorAccessorImpl.java:62)
	at sun.reflect.DelegatingConstructorAccessorImpl.newInstance(DelegatingConstructorAccessorImpl.java:45)
	at java.lang.reflect.Constructor.newInstance(Constructor.java:423)
	at org.openqa.selenium.remote.http.W3CHttpResponseCodec.createException(W3CHttpResponseCodec.java:187)
	at org.openqa.selenium.remote.http.W3CHttpResponseCodec.decode(W3CHttpResponseCodec.java:122)
	at org.openqa.selenium.remote.http.W3CHttpResponseCodec.decode(W3CHttpResponseCodec.java:49)
	at org.openqa.selenium.remote.HttpCommandExecutor.execute(HttpCommandExecutor.java:158)
	at org.openqa.selenium.remote.service.DriverCommandExecutor.execute(DriverCommandExecutor.java:83)
	at org.openqa.selenium.remote.RemoteWebDriver.execute(RemoteWebDriver.java:552)
	at org.openqa.selenium.remote.RemoteWebDriver.execute(RemoteWebDriver.java:609)
	at org.openqa.selenium.remote.RemoteWebDriver.getScreenshotAs(RemoteWebDriver.java:295)
	at stepdefinitions.Hooks.takeScreenshot(Hooks.java:20)

]]></system-out>
    <system-err><![CDATA[[1664284063.297][WARNING]: Timed out connecting to Chrome, retrying...
[1664284073.749][WARNING]: Timed out connecting to Chrome, retrying...
[1664284084.188][WARNING]: Timed out connecting to Chrome, retrying...
]]></system-err>
  </testcase>
  <testcase name="Edit Program Name" classname="Feature to Validate Edit Program of LMS UI Program Page" time="31.349">
    <error message="chrome not reachable&#10;  (Session info: chrome=105.0.5195.127)&#10;Build info: version: &apos;3.141.59&apos;, revision: &apos;e82be7d358&apos;, time: &apos;2018-11-14T08:17:03&apos;&#10;System info: host: &apos;DESKTOP-VUHI299&apos;, ip: &apos;192.168.0.41&apos;, os.name: &apos;Windows 11&apos;, os.arch: &apos;amd64&apos;, os.version: &apos;10.0&apos;, java.version: &apos;1.8.0_333&apos;&#10;Driver info: org.openqa.selenium.chrome.ChromeDriver&#10;Capabilities {acceptInsecureCerts: false, browserName: chrome, browserVersion: 105.0.5195.127, chrome: {chromedriverVersion: 105.0.5195.52 (412c95e51883..., userDataDir: C:\Users\Lalitha\AppData\Lo...}, goog:chromeOptions: {debuggerAddress: localhost:51354}, javascriptEnabled: true, networkConnectionEnabled: false, pageLoadStrategy: normal, platform: WINDOWS, platformName: WINDOWS, proxy: Proxy(), setWindowRect: true, strictFileInteractability: false, timeouts: {implicit: 0, pageLoad: 300000, script: 30000}, unhandledPromptBehavior: dismiss and notify, webauthn:extension:credBlob: true, webauthn:extension:largeBlob: true, webauthn:virtualAuthenticators: true}&#10;Session ID: b6be6321360ca5381e0e6a3da8358e64" type="org.openqa.selenium.WebDriverException"><![CDATA[org.openqa.selenium.WebDriverException: 
chrome not reachable
  (Session info: chrome=105.0.5195.127)
Build info: version: '3.141.59', revision: 'e82be7d358', time: '2018-11-14T08:17:03'
System info: host: 'DESKTOP-VUHI299', ip: '192.168.0.41', os.name: 'Windows 11', os.arch: 'amd64', os.version: '10.0', java.version: '1.8.0_333'
Driver info: org.openqa.selenium.chrome.ChromeDriver
Capabilities {acceptInsecureCerts: false, browserName: chrome, browserVersion: 105.0.5195.127, chrome: {chromedriverVersion: 105.0.5195.52 (412c95e51883..., userDataDir: C:\Users\Lalitha\AppData\Lo...}, goog:chromeOptions: {debuggerAddress: localhost:51354}, javascriptEnabled: true, networkConnectionEnabled: false, pageLoadStrategy: normal, platform: WINDOWS, platformName: WINDOWS, proxy: Proxy(), setWindowRect: true, strictFileInteractability: false, timeouts: {implicit: 0, pageLoad: 300000, script: 30000}, unhandledPromptBehavior: dismiss and notify, webauthn:extension:credBlob: true, webauthn:extension:largeBlob: true, webauthn:virtualAuthenticators: true}
Session ID: b6be6321360ca5381e0e6a3da8358e64
	at sun.reflect.NativeConstructorAccessorImpl.newInstance0(Native Method)
	at sun.reflect.NativeConstructorAccessorImpl.newInstance(NativeConstructorAccessorImpl.java:62)
	at sun.reflect.DelegatingConstructorAccessorImpl.newInstance(DelegatingConstructorAccessorImpl.java:45)
	at java.lang.reflect.Constructor.newInstance(Constructor.java:423)
	at org.openqa.selenium.remote.http.W3CHttpResponseCodec.createException(W3CHttpResponseCodec.java:187)
	at org.openqa.selenium.remote.http.W3CHttpResponseCodec.decode(W3CHttpResponseCodec.java:122)
	at org.openqa.selenium.remote.http.W3CHttpResponseCodec.decode(W3CHttpResponseCodec.java:49)
	at org.openqa.selenium.remote.HttpCommandExecutor.execute(HttpCommandExecutor.java:158)
	at org.openqa.selenium.remote.service.DriverCommandExecutor.execute(DriverCommandExecutor.java:83)
	at org.openqa.selenium.remote.RemoteWebDriver.execute(RemoteWebDriver.java:552)
	at org.openqa.selenium.remote.RemoteWebDriver.execute(RemoteWebDriver.java:609)
	at org.openqa.selenium.remote.RemoteWebDriver.getScreenshotAs(RemoteWebDriver.java:295)
	at stepdefinitions.Hooks.takeScreenshot(Hooks.java:20)
]]></error>
  </testcase>
  <testcase name="Edit Program Description" classname="Feature to Validate Edit Program of LMS UI Program Page" time="31.263">
    <error message="chrome not reachable&#10;  (Session info: chrome=105.0.5195.127)&#10;Build info: version: &apos;3.141.59&apos;, revision: &apos;e82be7d358&apos;, time: &apos;2018-11-14T08:17:03&apos;&#10;System info: host: &apos;DESKTOP-VUHI299&apos;, ip: &apos;192.168.0.41&apos;, os.name: &apos;Windows 11&apos;, os.arch: &apos;amd64&apos;, os.version: &apos;10.0&apos;, java.version: &apos;1.8.0_333&apos;&#10;Driver info: org.openqa.selenium.chrome.ChromeDriver&#10;Capabilities {acceptInsecureCerts: false, browserName: chrome, browserVersion: 105.0.5195.127, chrome: {chromedriverVersion: 105.0.5195.52 (412c95e51883..., userDataDir: C:\Users\Lalitha\AppData\Lo...}, goog:chromeOptions: {debuggerAddress: localhost:51354}, javascriptEnabled: true, networkConnectionEnabled: false, pageLoadStrategy: normal, platform: WINDOWS, platformName: WINDOWS, proxy: Proxy(), setWindowRect: true, strictFileInteractability: false, timeouts: {implicit: 0, pageLoad: 300000, script: 30000}, unhandledPromptBehavior: dismiss and notify, webauthn:extension:credBlob: true, webauthn:extension:largeBlob: true, webauthn:virtualAuthenticators: true}&#10;Session ID: b6be6321360ca5381e0e6a3da8358e64&#10;*** Element info: {Using=xpath, value=//div[@role=&apos;dialog&apos;]}" type="org.openqa.selenium.WebDriverException"><![CDATA[org.openqa.selenium.WebDriverException: 
chrome not reachable
  (Session info: chrome=105.0.5195.127)
Build info: version: '3.141.59', revision: 'e82be7d358', time: '2018-11-14T08:17:03'
System info: host: 'DESKTOP-VUHI299', ip: '192.168.0.41', os.name: 'Windows 11', os.arch: 'amd64', os.version: '10.0', java.version: '1.8.0_333'
Driver info: org.openqa.selenium.chrome.ChromeDriver
Capabilities {acceptInsecureCerts: false, browserName: chrome, browserVersion: 105.0.5195.127, chrome: {chromedriverVersion: 105.0.5195.52 (412c95e51883..., userDataDir: C:\Users\Lalitha\AppData\Lo...}, goog:chromeOptions: {debuggerAddress: localhost:51354}, javascriptEnabled: true, networkConnectionEnabled: false, pageLoadStrategy: normal, platform: WINDOWS, platformName: WINDOWS, proxy: Proxy(), setWindowRect: true, strictFileInteractability: false, timeouts: {implicit: 0, pageLoad: 300000, script: 30000}, unhandledPromptBehavior: dismiss and notify, webauthn:extension:credBlob: true, webauthn:extension:largeBlob: true, webauthn:virtualAuthenticators: true}
Session ID: b6be6321360ca5381e0e6a3da8358e64
*** Element info: {Using=xpath, value=//div[@role='dialog']}
	at sun.reflect.NativeConstructorAccessorImpl.newInstance0(Native Method)
	at sun.reflect.NativeConstructorAccessorImpl.newInstance(NativeConstructorAccessorImpl.java:62)
	at sun.reflect.DelegatingConstructorAccessorImpl.newInstance(DelegatingConstructorAccessorImpl.java:45)
	at java.lang.reflect.Constructor.newInstance(Constructor.java:423)
	at org.openqa.selenium.remote.http.W3CHttpResponseCodec.createException(W3CHttpResponseCodec.java:187)
	at org.openqa.selenium.remote.http.W3CHttpResponseCodec.decode(W3CHttpResponseCodec.java:122)
	at org.openqa.selenium.remote.http.W3CHttpResponseCodec.decode(W3CHttpResponseCodec.java:49)
	at org.openqa.selenium.remote.HttpCommandExecutor.execute(HttpCommandExecutor.java:158)
	at org.openqa.selenium.remote.service.DriverCommandExecutor.execute(DriverCommandExecutor.java:83)
	at org.openqa.selenium.remote.RemoteWebDriver.execute(RemoteWebDriver.java:552)
	at org.openqa.selenium.remote.RemoteWebDriver.findElement(RemoteWebDriver.java:323)
	at org.openqa.selenium.remote.RemoteWebDriver.findElementByXPath(RemoteWebDriver.java:428)
	at org.openqa.selenium.By$ByXPath.findElement(By.java:353)
	at org.openqa.selenium.remote.RemoteWebDriver.findElement(RemoteWebDriver.java:315)
	at org.openqa.selenium.support.pagefactory.DefaultElementLocator.findElement(DefaultElementLocator.java:69)
	at org.openqa.selenium.support.pagefactory.internal.LocatingElementHandler.invoke(LocatingElementHandler.java:38)
	at com.sun.proxy.$Proxy16.isDisplayed(Unknown Source)
	at com.lms.pages.ProgramPage.check_dialogbox_displayed(ProgramPage.java:326)
	at stepdefinitions.Program_Add_Steps.user_is_on_program_details_form(Program_Add_Steps.java:18)
	at ✽.User is on Program Details form(file:///D:/JavaSeleniumExamples/LMSNinjaHuntersBDD/src/test/resources/features/Feature3programfeatures/step6_program_edit.feature:26)
]]></error>
    <system-out><![CDATA[
@pgm_edit @edit_pgmdescription
Scenario: Edit Program Description                                       # src/test/resources/features/Feature3programfeatures/step6_program_edit.feature:25
  Given User is on Program Details form                                  # stepdefinitions.Program_Add_Steps.user_is_on_program_details_form()
      org.openqa.selenium.WebDriverException: chrome not reachable
  (Session info: chrome=105.0.5195.127)
Build info: version: '3.141.59', revision: 'e82be7d358', time: '2018-11-14T08:17:03'
System info: host: 'DESKTOP-VUHI299', ip: '192.168.0.41', os.name: 'Windows 11', os.arch: 'amd64', os.version: '10.0', java.version: '1.8.0_333'
Driver info: org.openqa.selenium.chrome.ChromeDriver
Capabilities {acceptInsecureCerts: false, browserName: chrome, browserVersion: 105.0.5195.127, chrome: {chromedriverVersion: 105.0.5195.52 (412c95e51883..., userDataDir: C:\Users\Lalitha\AppData\Lo...}, goog:chromeOptions: {debuggerAddress: localhost:51354}, javascriptEnabled: true, networkConnectionEnabled: false, pageLoadStrategy: normal, platform: WINDOWS, platformName: WINDOWS, proxy: Proxy(), setWindowRect: true, strictFileInteractability: false, timeouts: {implicit: 0, pageLoad: 300000, script: 30000}, unhandledPromptBehavior: dismiss and notify, webauthn:extension:credBlob: true, webauthn:extension:largeBlob: true, webauthn:virtualAuthenticators: true}
Session ID: b6be6321360ca5381e0e6a3da8358e64
*** Element info: {Using=xpath, value=//div[@role='dialog']}
	at sun.reflect.NativeConstructorAccessorImpl.newInstance0(Native Method)
	at sun.reflect.NativeConstructorAccessorImpl.newInstance(NativeConstructorAccessorImpl.java:62)
	at sun.reflect.DelegatingConstructorAccessorImpl.newInstance(DelegatingConstructorAccessorImpl.java:45)
	at java.lang.reflect.Constructor.newInstance(Constructor.java:423)
	at org.openqa.selenium.remote.http.W3CHttpResponseCodec.createException(W3CHttpResponseCodec.java:187)
	at org.openqa.selenium.remote.http.W3CHttpResponseCodec.decode(W3CHttpResponseCodec.java:122)
	at org.openqa.selenium.remote.http.W3CHttpResponseCodec.decode(W3CHttpResponseCodec.java:49)
	at org.openqa.selenium.remote.HttpCommandExecutor.execute(HttpCommandExecutor.java:158)
	at org.openqa.selenium.remote.service.DriverCommandExecutor.execute(DriverCommandExecutor.java:83)
	at org.openqa.selenium.remote.RemoteWebDriver.execute(RemoteWebDriver.java:552)
	at org.openqa.selenium.remote.RemoteWebDriver.findElement(RemoteWebDriver.java:323)
	at org.openqa.selenium.remote.RemoteWebDriver.findElementByXPath(RemoteWebDriver.java:428)
	at org.openqa.selenium.By$ByXPath.findElement(By.java:353)
	at org.openqa.selenium.remote.RemoteWebDriver.findElement(RemoteWebDriver.java:315)
	at org.openqa.selenium.support.pagefactory.DefaultElementLocator.findElement(DefaultElementLocator.java:69)
	at org.openqa.selenium.support.pagefactory.internal.LocatingElementHandler.invoke(LocatingElementHandler.java:38)
	at com.sun.proxy.$Proxy16.isDisplayed(Unknown Source)
	at com.lms.pages.ProgramPage.check_dialogbox_displayed(ProgramPage.java:326)
	at stepdefinitions.Program_Add_Steps.user_is_on_program_details_form(Program_Add_Steps.java:18)
	at âœ½.User is on Program Details form(file:///D:/JavaSeleniumExamples/LMSNinjaHuntersBDD/src/test/resources/features/Feature3programfeatures/step6_program_edit.feature:26)

  When User edits Description and selects the Save button in ProgramPage # stepdefinitions.Program_Edit_Steps.user_edits_description_and_selects_the_save_button_in_programpage()
  Then User can see updated Description in ProgramPage                   # stepdefinitions.Program_Edit_Steps.user_can_see_updated_description_in_programpage()
      org.openqa.selenium.WebDriverException: chrome not reachable
  (Session info: chrome=105.0.5195.127)
Build info: version: '3.141.59', revision: 'e82be7d358', time: '2018-11-14T08:17:03'
System info: host: 'DESKTOP-VUHI299', ip: '192.168.0.41', os.name: 'Windows 11', os.arch: 'amd64', os.version: '10.0', java.version: '1.8.0_333'
Driver info: org.openqa.selenium.chrome.ChromeDriver
Capabilities {acceptInsecureCerts: false, browserName: chrome, browserVersion: 105.0.5195.127, chrome: {chromedriverVersion: 105.0.5195.52 (412c95e51883..., userDataDir: C:\Users\Lalitha\AppData\Lo...}, goog:chromeOptions: {debuggerAddress: localhost:51354}, javascriptEnabled: true, networkConnectionEnabled: false, pageLoadStrategy: normal, platform: WINDOWS, platformName: WINDOWS, proxy: Proxy(), setWindowRect: true, strictFileInteractability: false, timeouts: {implicit: 0, pageLoad: 300000, script: 30000}, unhandledPromptBehavior: dismiss and notify, webauthn:extension:credBlob: true, webauthn:extension:largeBlob: true, webauthn:virtualAuthenticators: true}
Session ID: b6be6321360ca5381e0e6a3da8358e64
	at sun.reflect.NativeConstructorAccessorImpl.newInstance0(Native Method)
	at sun.reflect.NativeConstructorAccessorImpl.newInstance(NativeConstructorAccessorImpl.java:62)
	at sun.reflect.DelegatingConstructorAccessorImpl.newInstance(DelegatingConstructorAccessorImpl.java:45)
	at java.lang.reflect.Constructor.newInstance(Constructor.java:423)
	at org.openqa.selenium.remote.http.W3CHttpResponseCodec.createException(W3CHttpResponseCodec.java:187)
	at org.openqa.selenium.remote.http.W3CHttpResponseCodec.decode(W3CHttpResponseCodec.java:122)
	at org.openqa.selenium.remote.http.W3CHttpResponseCodec.decode(W3CHttpResponseCodec.java:49)
	at org.openqa.selenium.remote.HttpCommandExecutor.execute(HttpCommandExecutor.java:158)
	at org.openqa.selenium.remote.service.DriverCommandExecutor.execute(DriverCommandExecutor.java:83)
	at org.openqa.selenium.remote.RemoteWebDriver.execute(RemoteWebDriver.java:552)
	at org.openqa.selenium.remote.RemoteWebDriver.execute(RemoteWebDriver.java:609)
	at org.openqa.selenium.remote.RemoteWebDriver.getScreenshotAs(RemoteWebDriver.java:295)
	at stepdefinitions.Hooks.takeScreenshot(Hooks.java:20)

]]></system-out>
    <system-err><![CDATA[[1664284094.659][WARNING]: Timed out connecting to Chrome, retrying...
[1664284105.081][WARNING]: Timed out connecting to Chrome, retrying...
[1664284115.497][WARNING]: Timed out connecting to Chrome, retrying...
]]></system-err>
  </testcase>
  <testcase name="Edit Program Description" classname="Feature to Validate Edit Program of LMS UI Program Page" time="31.264">
    <error message="chrome not reachable&#10;  (Session info: chrome=105.0.5195.127)&#10;Build info: version: &apos;3.141.59&apos;, revision: &apos;e82be7d358&apos;, time: &apos;2018-11-14T08:17:03&apos;&#10;System info: host: &apos;DESKTOP-VUHI299&apos;, ip: &apos;192.168.0.41&apos;, os.name: &apos;Windows 11&apos;, os.arch: &apos;amd64&apos;, os.version: &apos;10.0&apos;, java.version: &apos;1.8.0_333&apos;&#10;Driver info: org.openqa.selenium.chrome.ChromeDriver&#10;Capabilities {acceptInsecureCerts: false, browserName: chrome, browserVersion: 105.0.5195.127, chrome: {chromedriverVersion: 105.0.5195.52 (412c95e51883..., userDataDir: C:\Users\Lalitha\AppData\Lo...}, goog:chromeOptions: {debuggerAddress: localhost:51354}, javascriptEnabled: true, networkConnectionEnabled: false, pageLoadStrategy: normal, platform: WINDOWS, platformName: WINDOWS, proxy: Proxy(), setWindowRect: true, strictFileInteractability: false, timeouts: {implicit: 0, pageLoad: 300000, script: 30000}, unhandledPromptBehavior: dismiss and notify, webauthn:extension:credBlob: true, webauthn:extension:largeBlob: true, webauthn:virtualAuthenticators: true}&#10;Session ID: b6be6321360ca5381e0e6a3da8358e64" type="org.openqa.selenium.WebDriverException"><![CDATA[org.openqa.selenium.WebDriverException: 
chrome not reachable
  (Session info: chrome=105.0.5195.127)
Build info: version: '3.141.59', revision: 'e82be7d358', time: '2018-11-14T08:17:03'
System info: host: 'DESKTOP-VUHI299', ip: '192.168.0.41', os.name: 'Windows 11', os.arch: 'amd64', os.version: '10.0', java.version: '1.8.0_333'
Driver info: org.openqa.selenium.chrome.ChromeDriver
Capabilities {acceptInsecureCerts: false, browserName: chrome, browserVersion: 105.0.5195.127, chrome: {chromedriverVersion: 105.0.5195.52 (412c95e51883..., userDataDir: C:\Users\Lalitha\AppData\Lo...}, goog:chromeOptions: {debuggerAddress: localhost:51354}, javascriptEnabled: true, networkConnectionEnabled: false, pageLoadStrategy: normal, platform: WINDOWS, platformName: WINDOWS, proxy: Proxy(), setWindowRect: true, strictFileInteractability: false, timeouts: {implicit: 0, pageLoad: 300000, script: 30000}, unhandledPromptBehavior: dismiss and notify, webauthn:extension:credBlob: true, webauthn:extension:largeBlob: true, webauthn:virtualAuthenticators: true}
Session ID: b6be6321360ca5381e0e6a3da8358e64
	at sun.reflect.NativeConstructorAccessorImpl.newInstance0(Native Method)
	at sun.reflect.NativeConstructorAccessorImpl.newInstance(NativeConstructorAccessorImpl.java:62)
	at sun.reflect.DelegatingConstructorAccessorImpl.newInstance(DelegatingConstructorAccessorImpl.java:45)
	at java.lang.reflect.Constructor.newInstance(Constructor.java:423)
	at org.openqa.selenium.remote.http.W3CHttpResponseCodec.createException(W3CHttpResponseCodec.java:187)
	at org.openqa.selenium.remote.http.W3CHttpResponseCodec.decode(W3CHttpResponseCodec.java:122)
	at org.openqa.selenium.remote.http.W3CHttpResponseCodec.decode(W3CHttpResponseCodec.java:49)
	at org.openqa.selenium.remote.HttpCommandExecutor.execute(HttpCommandExecutor.java:158)
	at org.openqa.selenium.remote.service.DriverCommandExecutor.execute(DriverCommandExecutor.java:83)
	at org.openqa.selenium.remote.RemoteWebDriver.execute(RemoteWebDriver.java:552)
	at org.openqa.selenium.remote.RemoteWebDriver.execute(RemoteWebDriver.java:609)
	at org.openqa.selenium.remote.RemoteWebDriver.getScreenshotAs(RemoteWebDriver.java:295)
	at stepdefinitions.Hooks.takeScreenshot(Hooks.java:20)
]]></error>
  </testcase>
  <testcase name="Change Program Status" classname="Feature to Validate Edit Program of LMS UI Program Page" time="31.258">
    <error message="chrome not reachable&#10;  (Session info: chrome=105.0.5195.127)&#10;Build info: version: &apos;3.141.59&apos;, revision: &apos;e82be7d358&apos;, time: &apos;2018-11-14T08:17:03&apos;&#10;System info: host: &apos;DESKTOP-VUHI299&apos;, ip: &apos;192.168.0.41&apos;, os.name: &apos;Windows 11&apos;, os.arch: &apos;amd64&apos;, os.version: &apos;10.0&apos;, java.version: &apos;1.8.0_333&apos;&#10;Driver info: org.openqa.selenium.chrome.ChromeDriver&#10;Capabilities {acceptInsecureCerts: false, browserName: chrome, browserVersion: 105.0.5195.127, chrome: {chromedriverVersion: 105.0.5195.52 (412c95e51883..., userDataDir: C:\Users\Lalitha\AppData\Lo...}, goog:chromeOptions: {debuggerAddress: localhost:51354}, javascriptEnabled: true, networkConnectionEnabled: false, pageLoadStrategy: normal, platform: WINDOWS, platformName: WINDOWS, proxy: Proxy(), setWindowRect: true, strictFileInteractability: false, timeouts: {implicit: 0, pageLoad: 300000, script: 30000}, unhandledPromptBehavior: dismiss and notify, webauthn:extension:credBlob: true, webauthn:extension:largeBlob: true, webauthn:virtualAuthenticators: true}&#10;Session ID: b6be6321360ca5381e0e6a3da8358e64&#10;*** Element info: {Using=xpath, value=//div[@role=&apos;dialog&apos;]}" type="org.openqa.selenium.WebDriverException"><![CDATA[org.openqa.selenium.WebDriverException: 
chrome not reachable
  (Session info: chrome=105.0.5195.127)
Build info: version: '3.141.59', revision: 'e82be7d358', time: '2018-11-14T08:17:03'
System info: host: 'DESKTOP-VUHI299', ip: '192.168.0.41', os.name: 'Windows 11', os.arch: 'amd64', os.version: '10.0', java.version: '1.8.0_333'
Driver info: org.openqa.selenium.chrome.ChromeDriver
[...]
	at org.openqa.selenium.remote.RemoteWebDriver.findElement(RemoteWebDriver.java:315)
	at com.lms.pages.UserPage.unclick_header_checkbox(UserPage.java:250)
	at stepdefinitions.UserTableHeaderSteps.user_unchecks_empty_checkbox_in_header(UserTableHeaderSteps.java:107)
	at âœ½.User unchecks empty checkbox in header(file:///D:/JavaSeleniumExamples/LMSNinjaHuntersBDD/src/test/resources/features/Feature5userfeatures/step6_user_tableheader.feature:22)

  Then check box in all rows of user table should be unchecked # stepdefinitions.UserTableHeaderSteps.check_box_in_all_rows_of_user_table_should_be_unchecked()
      org.openqa.selenium.WebDriverException: chrome not reachable
  (Session info: chrome=105.0.5195.127)
Build info: version: '3.141.59', revision: 'e82be7d358', time: '2018-11-14T08:17:03'
System info: host: 'DESKTOP-VUHI299', ip: '192.168.0.41', os.name: 'Windows 11', os.arch: 'amd64', os.version: '10.0', java.version: '1.8.0_333'
Driver info: org.openqa.selenium.chrome.ChromeDriver
Capabilities {acceptInsecureCerts: false, browserName: chrome, browserVersion: 105.0.5195.127, chrome: {chromedriverVersion: 105.0.5195.52 (412c95e51883..., userDataDir: C:\Users\Lalitha\AppData\Lo...}, goog:chromeOptions: {debuggerAddress: localhost:51354}, javascriptEnabled: true, networkConnectionEnabled: false, pageLoadStrategy: normal, platform: WINDOWS, platformName: WINDOWS, proxy: Proxy(), setWindowRect: true, strictFileInteractability: false, timeouts: {implicit: 0, pageLoad: 300000, script: 30000}, unhandledPromptBehavior: dismiss and notify, webauthn:extension:credBlob: true, webauthn:extension:largeBlob: true, webauthn:virtualAuthenticators: true}
Session ID: b6be6321360ca5381e0e6a3da8358e64
	at sun.reflect.GeneratedConstructorAccessor20.newInstance(Unknown Source)
	at sun.reflect.DelegatingConstructorAccessorImpl.newInstance(DelegatingConstructorAccessorImpl.java:45)
	at java.lang.reflect.Constructor.newInstance(Constructor.java:423)
	at org.openqa.selenium.remote.http.W3CHttpResponseCodec.createException(W3CHttpResponseCodec.java:187)
	at org.openqa.selenium.remote.http.W3CHttpResponseCodec.decode(W3CHttpResponseCodec.java:122)
	at org.openqa.selenium.remote.http.W3CHttpResponseCodec.decode(W3CHttpResponseCodec.java:49)
	at org.openqa.selenium.remote.HttpCommandExecutor.execute(HttpCommandExecutor.java:158)
	at org.openqa.selenium.remote.service.DriverCommandExecutor.execute(DriverCommandExecutor.java:83)
	at org.openqa.selenium.remote.RemoteWebDriver.execute(RemoteWebDriver.java:552)
	at org.openqa.selenium.remote.RemoteWebDriver.execute(RemoteWebDriver.java:609)
	at org.openqa.selenium.remote.RemoteWebDriver.getScreenshotAs(RemoteWebDriver.java:295)
	at stepdefinitions.Hooks.takeScreenshot(Hooks.java:20)

]]></system-out>
    <system-err><![CDATA[[1664285421.075][WARNING]: Timed out connecting to Chrome, retrying...
[1664285431.481][WARNING]: Timed out connecting to Chrome, retrying...
]]></system-err>
  </testcase>
  <testcase name="User unchecks Checkbox in table header" classname="Table header" time="20.822">
    <error message="chrome not reachable&#10;  (Session info: chrome=105.0.5195.127)&#10;Build info: version: &apos;3.141.59&apos;, revision: &apos;e82be7d358&apos;, time: &apos;2018-11-14T08:17:03&apos;&#10;System info: host: &apos;DESKTOP-VUHI299&apos;, ip: &apos;192.168.0.41&apos;, os.name: &apos;Windows 11&apos;, os.arch: &apos;amd64&apos;, os.version: &apos;10.0&apos;, java.version: &apos;1.8.0_333&apos;&#10;Driver info: org.openqa.selenium.chrome.ChromeDriver&#10;Capabilities {acceptInsecureCerts: false, browserName: chrome, browserVersion: 105.0.5195.127, chrome: {chromedriverVersion: 105.0.5195.52 (412c95e51883..., userDataDir: C:\Users\Lalitha\AppData\Lo...}, goog:chromeOptions: {debuggerAddress: localhost:51354}, javascriptEnabled: true, networkConnectionEnabled: false, pageLoadStrategy: normal, platform: WINDOWS, platformName: WINDOWS, proxy: Proxy(), setWindowRect: true, strictFileInteractability: false, timeouts: {implicit: 0, pageLoad: 300000, script: 30000}, unhandledPromptBehavior: dismiss and notify, webauthn:extension:credBlob: true, webauthn:extension:largeBlob: true, webauthn:virtualAuthenticators: true}&#10;Session ID: b6be6321360ca5381e0e6a3da8358e64" type="org.openqa.selenium.WebDriverException"><![CDATA[org.openqa.selenium.WebDriverException: 
chrome not reachable
  (Session info: chrome=105.0.5195.127)
Build info: version: '3.141.59', revision: 'e82be7d358', time: '2018-11-14T08:17:03'
System info: host: 'DESKTOP-VUHI299', ip: '192.168.0.41', os.name: 'Windows 11', os.arch: 'amd64', os.version: '10.0', java.version: '1.8.0_333'
Driver info: org.openqa.selenium.chrome.ChromeDriver
Capabilities {acceptInsecureCerts: false, browserName: chrome, browserVersion: 105.0.5195.127, chrome: {chromedriverVersion: 105.0.5195.52 (412c95e51883..., userDataDir: C:\Users\Lalitha\AppData\Lo...}, goog:chromeOptions: {debuggerAddress: localhost:51354}, javascriptEnabled: true, networkConnectionEnabled: false, pageLoadStrategy: normal, platform: WINDOWS, platformName: WINDOWS, proxy: Proxy(), setWindowRect: true, strictFileInteractability: false, timeouts: {implicit: 0, pageLoad: 300000, script: 30000}, unhandledPromptBehavior: dismiss and notify, webauthn:extension:credBlob: true, webauthn:extension:largeBlob: true, webauthn:virtualAuthenticators: true}
Session ID: b6be6321360ca5381e0e6a3da8358e64
	at sun.reflect.GeneratedConstructorAccessor20.newInstance(Unknown Source)
	at sun.reflect.DelegatingConstructorAccessorImpl.newInstance(DelegatingConstructorAccessorImpl.java:45)
	at java.lang.reflect.Constructor.newInstance(Constructor.java:423)
	at org.openqa.selenium.remote.http.W3CHttpResponseCodec.createException(W3CHttpResponseCodec.java:187)
	at org.openqa.selenium.remote.http.W3CHttpResponseCodec.decode(W3CHttpResponseCodec.java:122)
	at org.openqa.selenium.remote.http.W3CHttpResponseCodec.decode(W3CHttpResponseCodec.java:49)
	at org.openqa.selenium.remote.HttpCommandExecutor.execute(HttpCommandExecutor.java:158)
	at org.openqa.selenium.remote.service.DriverCommandExecutor.execute(DriverCommandExecutor.java:83)
	at org.openqa.selenium.remote.RemoteWebDriver.execute(RemoteWebDriver.java:552)
	at org.openqa.selenium.remote.RemoteWebDriver.execute(RemoteWebDriver.java:609)
	at org.openqa.selenium.remote.RemoteWebDriver.getScreenshotAs(RemoteWebDriver.java:295)
	at stepdefinitions.Hooks.takeScreenshot(Hooks.java:20)
]]></error>
  </testcase>
  <testcase name="Logging out" classname="Logout" time="20.802">
    <error message="chrome not reachable&#10;  (Session info: chrome=105.0.5195.127)&#10;Build info: version: &apos;3.141.59&apos;, revision: &apos;e82be7d358&apos;, time: &apos;2018-11-14T08:17:03&apos;&#10;System info: host: &apos;DESKTOP-VUHI299&apos;, ip: &apos;192.168.0.41&apos;, os.name: &apos;Windows 11&apos;, os.arch: &apos;amd64&apos;, os.version: &apos;10.0&apos;, java.version: &apos;1.8.0_333&apos;&#10;Driver info: org.openqa.selenium.chrome.ChromeDriver&#10;Capabilities {acceptInsecureCerts: false, browserName: chrome, browserVersion: 105.0.5195.127, chrome: {chromedriverVersion: 105.0.5195.52 (412c95e51883..., userDataDir: C:\Users\Lalitha\AppData\Lo...}, goog:chromeOptions: {debuggerAddress: localhost:51354}, javascriptEnabled: true, networkConnectionEnabled: false, pageLoadStrategy: normal, platform: WINDOWS, platformName: WINDOWS, proxy: Proxy(), setWindowRect: true, strictFileInteractability: false, timeouts: {implicit: 0, pageLoad: 300000, script: 30000}, unhandledPromptBehavior: dismiss and notify, webauthn:extension:credBlob: true, webauthn:extension:largeBlob: true, webauthn:virtualAuthenticators: true}&#10;Session ID: b6be6321360ca5381e0e6a3da8358e64&#10;*** Element info: {Using=xpath, value=//span[@class=&apos;mat-button-wrapper&apos; and text()=&apos;Logout&apos;]}" type="org.openqa.selenium.WebDriverException"><![CDATA[org.openqa.selenium.WebDriverException: 
chrome not reachable
  (Session info: chrome=105.0.5195.127)
Build info: version: '3.141.59', revision: 'e82be7d358', time: '2018-11-14T08:17:03'
System info: host: 'DESKTOP-VUHI299', ip: '192.168.0.41', os.name: 'Windows 11', os.arch: 'amd64', os.version: '10.0', java.version: '1.8.0_333'
Driver info: org.openqa.selenium.chrome.ChromeDriver
Capabilities {acceptInsecureCerts: false, browserName: chrome, browserVersion: 105.0.5195.127, chrome: {chromedriverVersion: 105.0.5195.52 (412c95e51883..., userDataDir: C:\Users\Lalitha\AppData\Lo...}, goog:chromeOptions: {debuggerAddress: localhost:51354}, javascriptEnabled: true, networkConnectionEnabled: false, pageLoadStrategy: normal, platform: WINDOWS, platformName: WINDOWS, proxy: Proxy(), setWindowRect: true, strictFileInteractability: false, timeouts: {implicit: 0, pageLoad: 300000, script: 30000}, unhandledPromptBehavior: dismiss and notify, webauthn:extension:credBlob: true, webauthn:extension:largeBlob: true, webauthn:virtualAuthenticators: true}
Session ID: b6be6321360ca5381e0e6a3da8358e64
*** Element info: {Using=xpath, value=//span[@class='mat-button-wrapper' and text()='Logout']}
	at sun.reflect.GeneratedConstructorAccessor20.newInstance(Unknown Source)
	at sun.reflect.DelegatingConstructorAccessorImpl.newInstance(DelegatingConstructorAccessorImpl.java:45)
	at java.lang.reflect.Constructor.newInstance(Constructor.java:423)
	at org.openqa.selenium.remote.http.W3CHttpResponseCodec.createException(W3CHttpResponseCodec.java:187)
	at org.openqa.selenium.remote.http.W3CHttpResponseCodec.decode(W3CHttpResponseCodec.java:122)
	at org.openqa.selenium.remote.http.W3CHttpResponseCodec.decode(W3CHttpResponseCodec.java:49)
	at org.openqa.selenium.remote.HttpCommandExecutor.execute(HttpCommandExecutor.java:158)
	at org.openqa.selenium.remote.service.DriverCommandExecutor.execute(DriverCommandExecutor.java:83)
	at org.openqa.selenium.remote.RemoteWebDriver.execute(RemoteWebDriver.java:552)
	at org.openqa.selenium.remote.RemoteWebDriver.findElement(RemoteWebDriver.java:323)
	at org.openqa.selenium.remote.RemoteWebDriver.findElementByXPath(RemoteWebDriver.java:428)
	at org.openqa.selenium.By$ByXPath.findElement(By.java:353)
	at org.openqa.selenium.remote.RemoteWebDriver.findElement(RemoteWebDriver.java:315)
	at org.openqa.selenium.support.pagefactory.DefaultElementLocator.findElement(DefaultElementLocator.java:69)
	at org.openqa.selenium.support.pagefactory.internal.LocatingElementHandler.invoke(LocatingElementHandler.java:38)
	at com.sun.proxy.$Proxy16.click(Unknown Source)
	at com.lms.pages.LogoutPage.click_logout(LogoutPage.java:20)
	at stepdefinitions.LogoutSteps.user_clicks_on_logout(LogoutSteps.java:19)
	at ✽.User clicks on logout(file:///D:/JavaSeleniumExamples/LMSNinjaHuntersBDD/src/test/resources/features/logoutfeature/Logout.feature:5)
]]></error>
    <system-out><![CDATA[
@logout
Scenario: Logging out                        # src/test/resources/features/logoutfeature/Logout.feature:3
  Given User has completed all the workflows # stepdefinitions.LogoutSteps.user_has_completed_all_the_workflows()
  When User clicks on logout                 # stepdefinitions.LogoutSteps.user_clicks_on_logout()
      org.openqa.selenium.WebDriverException: chrome not reachable
  (Session info: chrome=105.0.5195.127)
Build info: version: '3.141.59', revision: 'e82be7d358', time: '2018-11-14T08:17:03'
System info: host: 'DESKTOP-VUHI299', ip: '192.168.0.41', os.name: 'Windows 11', os.arch: 'amd64', os.version: '10.0', java.version: '1.8.0_333'
Driver info: org.openqa.selenium.chrome.ChromeDriver
Capabilities {acceptInsecureCerts: false, browserName: chrome, browserVersion: 105.0.5195.127, chrome: {chromedriverVersion: 105.0.5195.52 (412c95e51883..., userDataDir: C:\Users\Lalitha\AppData\Lo...}, goog:chromeOptions: {debuggerAddress: localhost:51354}, javascriptEnabled: true, networkConnectionEnabled: false, pageLoadStrategy: normal, platform: WINDOWS, platformName: WINDOWS, proxy: Proxy(), setWindowRect: true, strictFileInteractability: false, timeouts: {implicit: 0, pageLoad: 300000, script: 30000}, unhandledPromptBehavior: dismiss and notify, webauthn:extension:credBlob: true, webauthn:extension:largeBlob: true, webauthn:virtualAuthenticators: true}
Session ID: b6be6321360ca5381e0e6a3da8358e64
*** Element info: {Using=xpath, value=//span[@class='mat-button-wrapper' and text()='Logout']}
	at sun.reflect.GeneratedConstructorAccessor20.newInstance(Unknown Source)
	at sun.reflect.DelegatingConstructorAccessorImpl.newInstance(DelegatingConstructorAccessorImpl.java:45)
	at java.lang.reflect.Constructor.newInstance(Constructor.java:423)
	at org.openqa.selenium.remote.http.W3CHttpResponseCodec.createException(W3CHttpResponseCodec.java:187)
	at org.openqa.selenium.remote.http.W3CHttpResponseCodec.decode(W3CHttpResponseCodec.java:122)
	at org.openqa.selenium.remote.http.W3CHttpResponseCodec.decode(W3CHttpResponseCodec.java:49)
	at org.openqa.selenium.remote.HttpCommandExecutor.execute(HttpCommandExecutor.java:158)
	at org.openqa.selenium.remote.service.DriverCommandExecutor.execute(DriverCommandExecutor.java:83)
	at org.openqa.selenium.remote.RemoteWebDriver.execute(RemoteWebDriver.java:552)
	at org.openqa.selenium.remote.RemoteWebDriver.findElement(RemoteWebDriver.java:323)
	at org.openqa.selenium.remote.RemoteWebDriver.findElementByXPath(RemoteWebDriver.java:428)
	at org.openqa.selenium.By$ByXPath.findElement(By.java:353)
	at org.openqa.selenium.remote.RemoteWebDriver.findElement(RemoteWebDriver.java:315)
	at org.openqa.selenium.support.pagefactory.DefaultElementLocator.findElement(DefaultElementLocator.java:69)
	at org.openqa.selenium.support.pagefactory.internal.LocatingElementHandler.invoke(LocatingElementHandler.java:38)
	at com.sun.proxy.$Proxy16.click(Unknown Source)
	at com.lms.pages.LogoutPage.click_logout(LogoutPage.java:20)
	at stepdefinitions.LogoutSteps.user_clicks_on_logout(LogoutSteps.java:19)
	at âœ½.User clicks on logout(file:///D:/JavaSeleniumExamples/LMSNinjaHuntersBDD/src/test/resources/features/logoutfeature/Logout.feature:5)

  Then LMS login page should be landed       # stepdefinitions.LogoutSteps.lms_login_page_should_be_landed()
      org.openqa.selenium.WebDriverException: chrome not reachable
  (Session info: chrome=105.0.5195.127)
Build info: version: '3.141.59', revision: 'e82be7d358', time: '2018-11-14T08:17:03'
System info: host: 'DESKTOP-VUHI299', ip: '192.168.0.41', os.name: 'Windows 11', os.arch: 'amd64', os.version: '10.0', java.version: '1.8.0_333'
Driver info: org.openqa.selenium.chrome.ChromeDriver
Capabilities {acceptInsecureCerts: false, browserName: chrome, browserVersion: 105.0.5195.127, chrome: {chromedriverVersion: 105.0.5195.52 (412c95e51883..., userDataDir: C:\Users\Lalitha\AppData\Lo...}, goog:chromeOptions: {debuggerAddress: localhost:51354}, javascriptEnabled: true, networkConnectionEnabled: false, pageLoadStrategy: normal, platform: WINDOWS, platformName: WINDOWS, proxy: Proxy(), setWindowRect: true, strictFileInteractability: false, timeouts: {implicit: 0, pageLoad: 300000, script: 30000}, unhandledPromptBehavior: dismiss and notify, webauthn:extension:credBlob: true, webauthn:extension:largeBlob: true, webauthn:virtualAuthenticators: true}
Session ID: b6be6321360ca5381e0e6a3da8358e64
	at sun.reflect.GeneratedConstructorAccessor20.newInstance(Unknown Source)
	at sun.reflect.DelegatingConstructorAccessorImpl.newInstance(DelegatingConstructorAccessorImpl.java:45)
	at java.lang.reflect.Constructor.newInstance(Constructor.java:423)
	at org.openqa.selenium.remote.http.W3CHttpResponseCodec.createException(W3CHttpResponseCodec.java:187)
	at org.openqa.selenium.remote.http.W3CHttpResponseCodec.decode(W3CHttpResponseCodec.java:122)
	at org.openqa.selenium.remote.http.W3CHttpResponseCodec.decode(W3CHttpResponseCodec.java:49)
	at org.openqa.selenium.remote.HttpCommandExecutor.execute(HttpCommandExecutor.java:158)
	at org.openqa.selenium.remote.service.DriverCommandExecutor.execute(DriverCommandExecutor.java:83)
	at org.openqa.selenium.remote.RemoteWebDriver.execute(RemoteWebDriver.java:552)
	at org.openqa.selenium.remote.RemoteWebDriver.execute(RemoteWebDriver.java:609)
	at org.openqa.selenium.remote.RemoteWebDriver.getScreenshotAs(RemoteWebDriver.java:295)
	at stepdefinitions.Hooks.takeScreenshot(Hooks.java:20)

]]></system-out>
    <system-err><![CDATA[[1664285441.908][WARNING]: Timed out connecting to Chrome, retrying...
[1664285452.276][WARNING]: Timed out connecting to Chrome, retrying...
]]></system-err>
  </testcase>
  <testcase name="Logging out" classname="Logout" time="20.802">
    <error message="chrome not reachable&#10;  (Session info: chrome=105.0.5195.127)&#10;Build info: version: &apos;3.141.59&apos;, revision: &apos;e82be7d358&apos;, time: &apos;2018-11-14T08:17:03&apos;&#10;System info: host: &apos;DESKTOP-VUHI299&apos;, ip: &apos;192.168.0.41&apos;, os.name: &apos;Windows 11&apos;, os.arch: &apos;amd64&apos;, os.version: &apos;10.0&apos;, java.version: &apos;1.8.0_333&apos;&#10;Driver info: org.openqa.selenium.chrome.ChromeDriver&#10;Capabilities {acceptInsecureCerts: false, browserName: chrome, browserVersion: 105.0.5195.127, chrome: {chromedriverVersion: 105.0.5195.52 (412c95e51883..., userDataDir: C:\Users\Lalitha\AppData\Lo...}, goog:chromeOptions: {debuggerAddress: localhost:51354}, javascriptEnabled: true, networkConnectionEnabled: false, pageLoadStrategy: normal, platform: WINDOWS, platformName: WINDOWS, proxy: Proxy(), setWindowRect: true, strictFileInteractability: false, timeouts: {implicit: 0, pageLoad: 300000, script: 30000}, unhandledPromptBehavior: dismiss and notify, webauthn:extension:credBlob: true, webauthn:extension:largeBlob: true, webauthn:virtualAuthenticators: true}&#10;Session ID: b6be6321360ca5381e0e6a3da8358e64" type="org.openqa.selenium.WebDriverException"><![CDATA[org.openqa.selenium.WebDriverException: 
chrome not reachable
  (Session info: chrome=105.0.5195.127)
Build info: version: '3.141.59', revision: 'e82be7d358', time: '2018-11-14T08:17:03'
System info: host: 'DESKTOP-VUHI299', ip: '192.168.0.41', os.name: 'Windows 11', os.arch: 'amd64', os.version: '10.0', java.version: '1.8.0_333'
Driver info: org.openqa.selenium.chrome.ChromeDriver
Capabilities {acceptInsecureCerts: false, browserName: chrome, browserVersion: 105.0.5195.127, chrome: {chromedriverVersion: 105.0.5195.52 (412c95e51883..., userDataDir: C:\Users\Lalitha\AppData\Lo...}, goog:chromeOptions: {debuggerAddress: localhost:51354}, javascriptEnabled: true, networkConnectionEnabled: false, pageLoadStrategy: normal, platform: WINDOWS, platformName: WINDOWS, proxy: Proxy(), setWindowRect: true, strictFileInteractability: false, timeouts: {implicit: 0, pageLoad: 300000, script: 30000}, unhandledPromptBehavior: dismiss and notify, webauthn:extension:credBlob: true, webauthn:extension:largeBlob: true, webauthn:virtualAuthenticators: true}
Session ID: b6be6321360ca5381e0e6a3da8358e64
	at sun.reflect.GeneratedConstructorAccessor20.newInstance(Unknown Source)
	at sun.reflect.DelegatingConstructorAccessorImpl.newInstance(DelegatingConstructorAccessorImpl.java:45)
	at java.lang.reflect.Constructor.newInstance(Constructor.java:423)
	at org.openqa.selenium.remote.http.W3CHttpResponseCodec.createException(W3CHttpResponseCodec.java:187)
	at org.openqa.selenium.remote.http.W3CHttpResponseCodec.decode(W3CHttpResponseCodec.java:122)
	at org.openqa.selenium.remote.http.W3CHttpResponseCodec.decode(W3CHttpResponseCodec.java:49)
	at org.openqa.selenium.remote.HttpCommandExecutor.execute(HttpCommandExecutor.java:158)
	at org.openqa.selenium.remote.service.DriverCommandExecutor.execute(DriverCommandExecutor.java:83)
	at org.openqa.selenium.remote.RemoteWebDriver.execute(RemoteWebDriver.java:552)
	at org.openqa.selenium.remote.RemoteWebDriver.execute(RemoteWebDriver.java:609)
	at org.openqa.selenium.remote.RemoteWebDriver.getScreenshotAs(RemoteWebDriver.java:295)
	at stepdefinitions.Hooks.takeScreenshot(Hooks.java:20)
]]></error>
  </testcase>
</testsuite>